Vivado Simulator v2024.1
Copyright 1986-2022 Xilinx, Inc. All Rights Reserved.
Copyright 2022-2024 Advanced Micro Devices, Inc. All Rights Reserved.
Running: F:/Vivado/Vivado/2024.1/bin/unwrapped/win64.o/xelab.exe --incr --debug typical --relax --mt 2 --maxdelay -L xil_defaultlib -L simprims_ver -L secureip --snapshot tb_interface_time_synth -transport_int_delays -pulse_r 0 -pulse_int_r 0 -pulse_e 0 -pulse_int_e 0 xil_defaultlib.tb_interface xil_defaultlib.glbl -log elaborate.log 
Using 2 slave threads.
Starting static elaboration
Pass Through NonSizing Optimizer
Completed static elaboration
Starting simulation data flow analysis
Completed simulation data flow analysis
INFO: [XSIM 43-3451] SDF backannotation process started with SDF file "tb_interface_time_synth.sdf", for root module "tb_interface/UUT".
WARNING: [XSIM 43-3477] Unable to find hierarchical path /tb_interface/UUT/evict_cont/addr_buffer[0][4]_i_1 in the HDL hierarchy, annotation will be skipped.
WARNING: [XSIM 43-3477] Unable to find hierarchical path /tb_interface/UUT/evict_cont/addr_buffer_reg[0][10] in the HDL hierarchy, annotation will be skipped.
WARNING: [XSIM 43-3477] Unable to find hierarchical path /tb_interface/UUT/evict_cont/addr_buffer_reg[0][11] in the HDL hierarchy, annotation will be skipped.
WARNING: [XSIM 43-3477] Unable to find hierarchical path /tb_interface/UUT/evict_cont/addr_buffer_reg[0][4] in the HDL hierarchy, annotation will be skipped.
WARNING: [XSIM 43-3477] Unable to find hierarchical path /tb_interface/UUT/evict_cont/addr_buffer_reg[0][5] in the HDL hierarchy, annotation will be skipped.
WARNING: [XSIM 43-3477] Unable to find hierarchical path /tb_interface/UUT/evict_cont/addr_buffer_reg[0][6] in the HDL hierarchy, annotation will be skipped.
WARNING: [XSIM 43-3477] Unable to find hierarchical path /tb_interface/UUT/evict_cont/addr_buffer_reg[0][7] in the HDL hierarchy, annotation will be skipped.
WARNING: [XSIM 43-3477] Unable to find hierarchical path /tb_interface/UUT/evict_cont/addr_buffer_reg[0][8] in the HDL hierarchy, annotation will be skipped.
WARNING: [XSIM 43-3477] Unable to find hierarchical path /tb_interface/UUT/evict_cont/addr_buffer_reg[0][9] in the HDL hierarchy, annotation will be skipped.
WARNING: [XSIM 43-3477] Unable to find hierarchical path /tb_interface/UUT/evict_cont/buffer[0][31]_i_1 in the HDL hierarchy, annotation will be skipped.
WARNING: [XSIM 43-3477] Unable to find hierarchical path /tb_interface/UUT/evict_cont/buffer_reg[0][0] in the HDL hierarchy, annotation will be skipped.
WARNING: [XSIM 43-3477] Unable to find hierarchical path /tb_interface/UUT/evict_cont/buffer_reg[0][10] in the HDL hierarchy, annotation will be skipped.
WARNING: [XSIM 43-3477] Unable to find hierarchical path /tb_interface/UUT/evict_cont/buffer_reg[0][11] in the HDL hierarchy, annotation will be skipped.
WARNING: [XSIM 43-3477] Unable to find hierarchical path /tb_interface/UUT/evict_cont/buffer_reg[0][12] in the HDL hierarchy, annotation will be skipped.
WARNING: [XSIM 43-3477] Unable to find hierarchical path /tb_interface/UUT/evict_cont/buffer_reg[0][13] in the HDL hierarchy, annotation will be skipped.
WARNING: [XSIM 43-3477] Unable to find hierarchical path /tb_interface/UUT/evict_cont/buffer_reg[0][14] in the HDL hierarchy, annotation will be skipped.
WARNING: [XSIM 43-3477] Unable to find hierarchical path /tb_interface/UUT/evict_cont/buffer_reg[0][15] in the HDL hierarchy, annotation will be skipped.
WARNING: [XSIM 43-3477] Unable to find hierarchical path /tb_interface/UUT/evict_cont/buffer_reg[0][16] in the HDL hierarchy, annotation will be skipped.
WARNING: [XSIM 43-3477] Unable to find hierarchical path /tb_interface/UUT/evict_cont/buffer_reg[0][17] in the HDL hierarchy, annotation will be skipped.
WARNING: [XSIM 43-3477] Unable to find hierarchical path /tb_interface/UUT/evict_cont/buffer_reg[0][18] in the HDL hierarchy, annotation will be skipped.
WARNING: [XSIM 43-3477] Unable to find hierarchical path /tb_interface/UUT/evict_cont/buffer_reg[0][19] in the HDL hierarchy, annotation will be skipped.
WARNING: [XSIM 43-3477] Unable to find hierarchical path /tb_interface/UUT/evict_cont/buffer_reg[0][1] in the HDL hierarchy, annotation will be skipped.
WARNING: [XSIM 43-3477] Unable to find hierarchical path /tb_interface/UUT/evict_cont/buffer_reg[0][20] in the HDL hierarchy, annotation will be skipped.
WARNING: [XSIM 43-3477] Unable to find hierarchical path /tb_interface/UUT/evict_cont/buffer_reg[0][21] in the HDL hierarchy, annotation will be skipped.
WARNING: [XSIM 43-3477] Unable to find hierarchical path /tb_interface/UUT/evict_cont/buffer_reg[0][22] in the HDL hierarchy, annotation will be skipped.
WARNING: [XSIM 43-3477] Unable to find hierarchical path /tb_interface/UUT/evict_cont/buffer_reg[0][23] in the HDL hierarchy, annotation will be skipped.
WARNING: [XSIM 43-3477] Unable to find hierarchical path /tb_interface/UUT/evict_cont/buffer_reg[0][24] in the HDL hierarchy, annotation will be skipped.
WARNING: [XSIM 43-3477] Unable to find hierarchical path /tb_interface/UUT/evict_cont/buffer_reg[0][25] in the HDL hierarchy, annotation will be skipped.
WARNING: [XSIM 43-3477] Unable to find hierarchical path /tb_interface/UUT/evict_cont/buffer_reg[0][26] in the HDL hierarchy, annotation will be skipped.
WARNING: [XSIM 43-3477] Unable to find hierarchical path /tb_interface/UUT/evict_cont/buffer_reg[0][27] in the HDL hierarchy, annotation will be skipped.
WARNING: [XSIM 43-3477] Unable to find hierarchical path /tb_interface/UUT/evict_cont/buffer_reg[0][28] in the HDL hierarchy, annotation will be skipped.
WARNING: [XSIM 43-3477] Unable to find hierarchical path /tb_interface/UUT/evict_cont/buffer_reg[0][29] in the HDL hierarchy, annotation will be skipped.
WARNING: [XSIM 43-3477] Unable to find hierarchical path /tb_interface/UUT/evict_cont/buffer_reg[0][2] in the HDL hierarchy, annotation will be skipped.
WARNING: [XSIM 43-3477] Unable to find hierarchical path /tb_interface/UUT/evict_cont/buffer_reg[0][30] in the HDL hierarchy, annotation will be skipped.
WARNING: [XSIM 43-3477] Unable to find hierarchical path /tb_interface/UUT/evict_cont/buffer_reg[0][31] in the HDL hierarchy, annotation will be skipped.
WARNING: [XSIM 43-3477] Unable to find hierarchical path /tb_interface/UUT/evict_cont/buffer_reg[0][3] in the HDL hierarchy, annotation will be skipped.
WARNING: [XSIM 43-3477] Unable to find hierarchical path /tb_interface/UUT/evict_cont/buffer_reg[0][4] in the HDL hierarchy, annotation will be skipped.
WARNING: [XSIM 43-3477] Unable to find hierarchical path /tb_interface/UUT/evict_cont/buffer_reg[0][5] in the HDL hierarchy, annotation will be skipped.
WARNING: [XSIM 43-3477] Unable to find hierarchical path /tb_interface/UUT/evict_cont/buffer_reg[0][6] in the HDL hierarchy, annotation will be skipped.
WARNING: [XSIM 43-3477] Unable to find hierarchical path /tb_interface/UUT/evict_cont/buffer_reg[0][7] in the HDL hierarchy, annotation will be skipped.
WARNING: [XSIM 43-3477] Unable to find hierarchical path /tb_interface/UUT/evict_cont/buffer_reg[0][8] in the HDL hierarchy, annotation will be skipped.
WARNING: [XSIM 43-3477] Unable to find hierarchical path /tb_interface/UUT/evict_cont/buffer_reg[0][9] in the HDL hierarchy, annotation will be skipped.
WARNING: [XSIM 43-3477] Unable to find hierarchical path /tb_interface/UUT/evict_cont/buffer_reg[1][0] in the HDL hierarchy, annotation will be skipped.
WARNING: [XSIM 43-3477] Unable to find hierarchical path /tb_interface/UUT/evict_cont/buffer_reg[1][10] in the HDL hierarchy, annotation will be skipped.
WARNING: [XSIM 43-3477] Unable to find hierarchical path /tb_interface/UUT/evict_cont/buffer_reg[1][11] in the HDL hierarchy, annotation will be skipped.
WARNING: [XSIM 43-3477] Unable to find hierarchical path /tb_interface/UUT/evict_cont/buffer_reg[1][12] in the HDL hierarchy, annotation will be skipped.
WARNING: [XSIM 43-3477] Unable to find hierarchical path /tb_interface/UUT/evict_cont/buffer_reg[1][13] in the HDL hierarchy, annotation will be skipped.
WARNING: [XSIM 43-3477] Unable to find hierarchical path /tb_interface/UUT/evict_cont/buffer_reg[1][14] in the HDL hierarchy, annotation will be skipped.
WARNING: [XSIM 43-3477] Unable to find hierarchical path /tb_interface/UUT/evict_cont/buffer_reg[1][15] in the HDL hierarchy, annotation will be skipped.
WARNING: [XSIM 43-3477] Unable to find hierarchical path /tb_interface/UUT/evict_cont/buffer_reg[1][16] in the HDL hierarchy, annotation will be skipped.
WARNING: [XSIM 43-3477] Unable to find hierarchical path /tb_interface/UUT/evict_cont/buffer_reg[1][17] in the HDL hierarchy, annotation will be skipped.
WARNING: [XSIM 43-3477] Unable to find hierarchical path /tb_interface/UUT/evict_cont/buffer_reg[1][18] in the HDL hierarchy, annotation will be skipped.
WARNING: [XSIM 43-3477] Unable to find hierarchical path /tb_interface/UUT/evict_cont/buffer_reg[1][19] in the HDL hierarchy, annotation will be skipped.
WARNING: [XSIM 43-3477] Unable to find hierarchical path /tb_interface/UUT/evict_cont/buffer_reg[1][1] in the HDL hierarchy, annotation will be skipped.
WARNING: [XSIM 43-3477] Unable to find hierarchical path /tb_interface/UUT/evict_cont/buffer_reg[1][20] in the HDL hierarchy, annotation will be skipped.
WARNING: [XSIM 43-3477] Unable to find hierarchical path /tb_interface/UUT/evict_cont/buffer_reg[1][21] in the HDL hierarchy, annotation will be skipped.
WARNING: [XSIM 43-3477] Unable to find hierarchical path /tb_interface/UUT/evict_cont/buffer_reg[1][22] in the HDL hierarchy, annotation will be skipped.
WARNING: [XSIM 43-3477] Unable to find hierarchical path /tb_interface/UUT/evict_cont/buffer_reg[1][23] in the HDL hierarchy, annotation will be skipped.
WARNING: [XSIM 43-3477] Unable to find hierarchical path /tb_interface/UUT/evict_cont/buffer_reg[1][24] in the HDL hierarchy, annotation will be skipped.
WARNING: [XSIM 43-3477] Unable to find hierarchical path /tb_interface/UUT/evict_cont/buffer_reg[1][25] in the HDL hierarchy, annotation will be skipped.
WARNING: [XSIM 43-3477] Unable to find hierarchical path /tb_interface/UUT/evict_cont/buffer_reg[1][26] in the HDL hierarchy, annotation will be skipped.
WARNING: [XSIM 43-3477] Unable to find hierarchical path /tb_interface/UUT/evict_cont/buffer_reg[1][27] in the HDL hierarchy, annotation will be skipped.
WARNING: [XSIM 43-3477] Unable to find hierarchical path /tb_interface/UUT/evict_cont/buffer_reg[1][28] in the HDL hierarchy, annotation will be skipped.
WARNING: [XSIM 43-3477] Unable to find hierarchical path /tb_interface/UUT/evict_cont/buffer_reg[1][29] in the HDL hierarchy, annotation will be skipped.
WARNING: [XSIM 43-3477] Unable to find hierarchical path /tb_interface/UUT/evict_cont/buffer_reg[1][2] in the HDL hierarchy, annotation will be skipped.
WARNING: [XSIM 43-3477] Unable to find hierarchical path /tb_interface/UUT/evict_cont/buffer_reg[1][30] in the HDL hierarchy, annotation will be skipped.
WARNING: [XSIM 43-3477] Unable to find hierarchical path /tb_interface/UUT/evict_cont/buffer_reg[1][31] in the HDL hierarchy, annotation will be skipped.
WARNING: [XSIM 43-3477] Unable to find hierarchical path /tb_interface/UUT/evict_cont/buffer_reg[1][3] in the HDL hierarchy, annotation will be skipped.
WARNING: [XSIM 43-3477] Unable to find hierarchical path /tb_interface/UUT/evict_cont/buffer_reg[1][4] in the HDL hierarchy, annotation will be skipped.
WARNING: [XSIM 43-3477] Unable to find hierarchical path /tb_interface/UUT/evict_cont/buffer_reg[1][5] in the HDL hierarchy, annotation will be skipped.
WARNING: [XSIM 43-3477] Unable to find hierarchical path /tb_interface/UUT/evict_cont/buffer_reg[1][6] in the HDL hierarchy, annotation will be skipped.
WARNING: [XSIM 43-3477] Unable to find hierarchical path /tb_interface/UUT/evict_cont/buffer_reg[1][7] in the HDL hierarchy, annotation will be skipped.
WARNING: [XSIM 43-3477] Unable to find hierarchical path /tb_interface/UUT/evict_cont/buffer_reg[1][8] in the HDL hierarchy, annotation will be skipped.
WARNING: [XSIM 43-3477] Unable to find hierarchical path /tb_interface/UUT/evict_cont/buffer_reg[1][9] in the HDL hierarchy, annotation will be skipped.
WARNING: [XSIM 43-3477] Unable to find hierarchical path /tb_interface/UUT/evict_cont/buffer_reg[2][0] in the HDL hierarchy, annotation will be skipped.
WARNING: [XSIM 43-3477] Unable to find hierarchical path /tb_interface/UUT/evict_cont/buffer_reg[2][10] in the HDL hierarchy, annotation will be skipped.
WARNING: [XSIM 43-3477] Unable to find hierarchical path /tb_interface/UUT/evict_cont/buffer_reg[2][11] in the HDL hierarchy, annotation will be skipped.
WARNING: [XSIM 43-3477] Unable to find hierarchical path /tb_interface/UUT/evict_cont/buffer_reg[2][12] in the HDL hierarchy, annotation will be skipped.
WARNING: [XSIM 43-3477] Unable to find hierarchical path /tb_interface/UUT/evict_cont/buffer_reg[2][13] in the HDL hierarchy, annotation will be skipped.
WARNING: [XSIM 43-3477] Unable to find hierarchical path /tb_interface/UUT/evict_cont/buffer_reg[2][14] in the HDL hierarchy, annotation will be skipped.
WARNING: [XSIM 43-3477] Unable to find hierarchical path /tb_interface/UUT/evict_cont/buffer_reg[2][15] in the HDL hierarchy, annotation will be skipped.
WARNING: [XSIM 43-3477] Unable to find hierarchical path /tb_interface/UUT/evict_cont/buffer_reg[2][16] in the HDL hierarchy, annotation will be skipped.
WARNING: [XSIM 43-3477] Unable to find hierarchical path /tb_interface/UUT/evict_cont/buffer_reg[2][17] in the HDL hierarchy, annotation will be skipped.
WARNING: [XSIM 43-3477] Unable to find hierarchical path /tb_interface/UUT/evict_cont/buffer_reg[2][18] in the HDL hierarchy, annotation will be skipped.
WARNING: [XSIM 43-3477] Unable to find hierarchical path /tb_interface/UUT/evict_cont/buffer_reg[2][19] in the HDL hierarchy, annotation will be skipped.
WARNING: [XSIM 43-3477] Unable to find hierarchical path /tb_interface/UUT/evict_cont/buffer_reg[2][1] in the HDL hierarchy, annotation will be skipped.
WARNING: [XSIM 43-3477] Unable to find hierarchical path /tb_interface/UUT/evict_cont/buffer_reg[2][20] in the HDL hierarchy, annotation will be skipped.
WARNING: [XSIM 43-3477] Unable to find hierarchical path /tb_interface/UUT/evict_cont/buffer_reg[2][21] in the HDL hierarchy, annotation will be skipped.
WARNING: [XSIM 43-3477] Unable to find hierarchical path /tb_interface/UUT/evict_cont/buffer_reg[2][22] in the HDL hierarchy, annotation will be skipped.
WARNING: [XSIM 43-3477] Unable to find hierarchical path /tb_interface/UUT/evict_cont/buffer_reg[2][23] in the HDL hierarchy, annotation will be skipped.
WARNING: [XSIM 43-3477] Unable to find hierarchical path /tb_interface/UUT/evict_cont/buffer_reg[2][24] in the HDL hierarchy, annotation will be skipped.
WARNING: [XSIM 43-3477] Unable to find hierarchical path /tb_interface/UUT/evict_cont/buffer_reg[2][25] in the HDL hierarchy, annotation will be skipped.
WARNING: [XSIM 43-3477] Unable to find hierarchical path /tb_interface/UUT/evict_cont/buffer_reg[2][26] in the HDL hierarchy, annotation will be skipped.
WARNING: [XSIM 43-3477] Unable to find hierarchical path /tb_interface/UUT/evict_cont/buffer_reg[2][27] in the HDL hierarchy, annotation will be skipped.
WARNING: [XSIM 43-3477] Unable to find hierarchical path /tb_interface/UUT/evict_cont/buffer_reg[2][28] in the HDL hierarchy, annotation will be skipped.
WARNING: [XSIM 43-3477] Unable to find hierarchical path /tb_interface/UUT/evict_cont/buffer_reg[2][29] in the HDL hierarchy, annotation will be skipped.
WARNING: [XSIM 43-3477] Unable to find hierarchical path /tb_interface/UUT/evict_cont/buffer_reg[2][2] in the HDL hierarchy, annotation will be skipped.
WARNING: [XSIM 43-3477] Unable to find hierarchical path /tb_interface/UUT/evict_cont/buffer_reg[2][30] in the HDL hierarchy, annotation will be skipped.
WARNING: [XSIM 43-3477] Unable to find hierarchical path /tb_interface/UUT/evict_cont/buffer_reg[2][31] in the HDL hierarchy, annotation will be skipped.
WARNING: [XSIM 43-3477] Unable to find hierarchical path /tb_interface/UUT/evict_cont/buffer_reg[2][3] in the HDL hierarchy, annotation will be skipped.
WARNING: [XSIM 43-3477] Unable to find hierarchical path /tb_interface/UUT/evict_cont/buffer_reg[2][4] in the HDL hierarchy, annotation will be skipped.
WARNING: [XSIM 43-3477] Unable to find hierarchical path /tb_interface/UUT/evict_cont/buffer_reg[2][5] in the HDL hierarchy, annotation will be skipped.
WARNING: [XSIM 43-3477] Unable to find hierarchical path /tb_interface/UUT/evict_cont/buffer_reg[2][6] in the HDL hierarchy, annotation will be skipped.
WARNING: [XSIM 43-3477] Unable to find hierarchical path /tb_interface/UUT/evict_cont/buffer_reg[2][7] in the HDL hierarchy, annotation will be skipped.
WARNING: [XSIM 43-3477] Unable to find hierarchical path /tb_interface/UUT/evict_cont/buffer_reg[2][8] in the HDL hierarchy, annotation will be skipped.
WARNING: [XSIM 43-3477] Unable to find hierarchical path /tb_interface/UUT/evict_cont/buffer_reg[2][9] in the HDL hierarchy, annotation will be skipped.
WARNING: [XSIM 43-3477] Unable to find hierarchical path /tb_interface/UUT/evict_cont/buffer_reg[3][0] in the HDL hierarchy, annotation will be skipped.
WARNING: [XSIM 43-3477] Unable to find hierarchical path /tb_interface/UUT/evict_cont/buffer_reg[3][10] in the HDL hierarchy, annotation will be skipped.
WARNING: [XSIM 43-3477] Unable to find hierarchical path /tb_interface/UUT/evict_cont/buffer_reg[3][11] in the HDL hierarchy, annotation will be skipped.
WARNING: [XSIM 43-3477] Unable to find hierarchical path /tb_interface/UUT/evict_cont/buffer_reg[3][12] in the HDL hierarchy, annotation will be skipped.
WARNING: [XSIM 43-3477] Unable to find hierarchical path /tb_interface/UUT/evict_cont/buffer_reg[3][13] in the HDL hierarchy, annotation will be skipped.
WARNING: [XSIM 43-3477] Unable to find hierarchical path /tb_interface/UUT/evict_cont/buffer_reg[3][14] in the HDL hierarchy, annotation will be skipped.
WARNING: [XSIM 43-3477] Unable to find hierarchical path /tb_interface/UUT/evict_cont/buffer_reg[3][15] in the HDL hierarchy, annotation will be skipped.
WARNING: [XSIM 43-3477] Unable to find hierarchical path /tb_interface/UUT/evict_cont/buffer_reg[3][16] in the HDL hierarchy, annotation will be skipped.
WARNING: [XSIM 43-3477] Unable to find hierarchical path /tb_interface/UUT/evict_cont/buffer_reg[3][17] in the HDL hierarchy, annotation will be skipped.
WARNING: [XSIM 43-3477] Unable to find hierarchical path /tb_interface/UUT/evict_cont/buffer_reg[3][18] in the HDL hierarchy, annotation will be skipped.
WARNING: [XSIM 43-3477] Unable to find hierarchical path /tb_interface/UUT/evict_cont/buffer_reg[3][19] in the HDL hierarchy, annotation will be skipped.
WARNING: [XSIM 43-3477] Unable to find hierarchical path /tb_interface/UUT/evict_cont/buffer_reg[3][1] in the HDL hierarchy, annotation will be skipped.
WARNING: [XSIM 43-3477] Unable to find hierarchical path /tb_interface/UUT/evict_cont/buffer_reg[3][20] in the HDL hierarchy, annotation will be skipped.
WARNING: [XSIM 43-3477] Unable to find hierarchical path /tb_interface/UUT/evict_cont/buffer_reg[3][21] in the HDL hierarchy, annotation will be skipped.
WARNING: [XSIM 43-3477] Unable to find hierarchical path /tb_interface/UUT/evict_cont/buffer_reg[3][22] in the HDL hierarchy, annotation will be skipped.
WARNING: [XSIM 43-3477] Unable to find hierarchical path /tb_interface/UUT/evict_cont/buffer_reg[3][23] in the HDL hierarchy, annotation will be skipped.
WARNING: [XSIM 43-3477] Unable to find hierarchical path /tb_interface/UUT/evict_cont/buffer_reg[3][24] in the HDL hierarchy, annotation will be skipped.
WARNING: [XSIM 43-3477] Unable to find hierarchical path /tb_interface/UUT/evict_cont/buffer_reg[3][25] in the HDL hierarchy, annotation will be skipped.
WARNING: [XSIM 43-3477] Unable to find hierarchical path /tb_interface/UUT/evict_cont/buffer_reg[3][26] in the HDL hierarchy, annotation will be skipped.
WARNING: [XSIM 43-3477] Unable to find hierarchical path /tb_interface/UUT/evict_cont/buffer_reg[3][27] in the HDL hierarchy, annotation will be skipped.
WARNING: [XSIM 43-3477] Unable to find hierarchical path /tb_interface/UUT/evict_cont/buffer_reg[3][28] in the HDL hierarchy, annotation will be skipped.
WARNING: [XSIM 43-3477] Unable to find hierarchical path /tb_interface/UUT/evict_cont/buffer_reg[3][29] in the HDL hierarchy, annotation will be skipped.
WARNING: [XSIM 43-3477] Unable to find hierarchical path /tb_interface/UUT/evict_cont/buffer_reg[3][2] in the HDL hierarchy, annotation will be skipped.
WARNING: [XSIM 43-3477] Unable to find hierarchical path /tb_interface/UUT/evict_cont/buffer_reg[3][30] in the HDL hierarchy, annotation will be skipped.
WARNING: [XSIM 43-3477] Unable to find hierarchical path /tb_interface/UUT/evict_cont/buffer_reg[3][31] in the HDL hierarchy, annotation will be skipped.
WARNING: [XSIM 43-3477] Unable to find hierarchical path /tb_interface/UUT/evict_cont/buffer_reg[3][3] in the HDL hierarchy, annotation will be skipped.
WARNING: [XSIM 43-3477] Unable to find hierarchical path /tb_interface/UUT/evict_cont/buffer_reg[3][4] in the HDL hierarchy, annotation will be skipped.
WARNING: [XSIM 43-3477] Unable to find hierarchical path /tb_interface/UUT/evict_cont/buffer_reg[3][5] in the HDL hierarchy, annotation will be skipped.
WARNING: [XSIM 43-3477] Unable to find hierarchical path /tb_interface/UUT/evict_cont/buffer_reg[3][6] in the HDL hierarchy, annotation will be skipped.
WARNING: [XSIM 43-3477] Unable to find hierarchical path /tb_interface/UUT/evict_cont/buffer_reg[3][7] in the HDL hierarchy, annotation will be skipped.
WARNING: [XSIM 43-3477] Unable to find hierarchical path /tb_interface/UUT/evict_cont/buffer_reg[3][8] in the HDL hierarchy, annotation will be skipped.
WARNING: [XSIM 43-3477] Unable to find hierarchical path /tb_interface/UUT/evict_cont/buffer_reg[3][9] in the HDL hierarchy, annotation will be skipped.
WARNING: [XSIM 43-3477] Unable to find hierarchical path /tb_interface/UUT/evict_cont/counter[0]_i_1 in the HDL hierarchy, annotation will be skipped.
WARNING: [XSIM 43-3477] Unable to find hierarchical path /tb_interface/UUT/evict_cont/counter[1]_i_1 in the HDL hierarchy, annotation will be skipped.
WARNING: [XSIM 43-3477] Unable to find hierarchical path /tb_interface/UUT/evict_cont/counter_reg[0] in the HDL hierarchy, annotation will be skipped.
WARNING: [XSIM 43-3477] Unable to find hierarchical path /tb_interface/UUT/evict_cont/counter_reg[1] in the HDL hierarchy, annotation will be skipped.
WARNING: [XSIM 43-3477] Unable to find hierarchical path /tb_interface/UUT/i_base_addr_IBUF[10]_inst in the HDL hierarchy, annotation will be skipped.
WARNING: [XSIM 43-3477] Unable to find hierarchical path /tb_interface/UUT/i_base_addr_IBUF[11]_inst in the HDL hierarchy, annotation will be skipped.
WARNING: [XSIM 43-3477] Unable to find hierarchical path /tb_interface/UUT/i_base_addr_IBUF[4]_inst in the HDL hierarchy, annotation will be skipped.
WARNING: [XSIM 43-3477] Unable to find hierarchical path /tb_interface/UUT/i_base_addr_IBUF[5]_inst in the HDL hierarchy, annotation will be skipped.
WARNING: [XSIM 43-3477] Unable to find hierarchical path /tb_interface/UUT/i_base_addr_IBUF[6]_inst in the HDL hierarchy, annotation will be skipped.
WARNING: [XSIM 43-3477] Unable to find hierarchical path /tb_interface/UUT/i_base_addr_IBUF[7]_inst in the HDL hierarchy, annotation will be skipped.
WARNING: [XSIM 43-3477] Unable to find hierarchical path /tb_interface/UUT/i_base_addr_IBUF[8]_inst in the HDL hierarchy, annotation will be skipped.
WARNING: [XSIM 43-3477] Unable to find hierarchical path /tb_interface/UUT/i_base_addr_IBUF[9]_inst in the HDL hierarchy, annotation will be skipped.
WARNING: [XSIM 43-3477] Unable to find hierarchical path /tb_interface/UUT/i_evicted_block_IBUF[0]_inst in the HDL hierarchy, annotation will be skipped.
WARNING: [XSIM 43-3477] Unable to find hierarchical path /tb_interface/UUT/i_evicted_block_IBUF[100]_inst in the HDL hierarchy, annotation will be skipped.
WARNING: [XSIM 43-3477] Unable to find hierarchical path /tb_interface/UUT/i_evicted_block_IBUF[101]_inst in the HDL hierarchy, annotation will be skipped.
WARNING: [XSIM 43-3477] Unable to find hierarchical path /tb_interface/UUT/i_evicted_block_IBUF[102]_inst in the HDL hierarchy, annotation will be skipped.
WARNING: [XSIM 43-3477] Unable to find hierarchical path /tb_interface/UUT/i_evicted_block_IBUF[103]_inst in the HDL hierarchy, annotation will be skipped.
WARNING: [XSIM 43-3477] Unable to find hierarchical path /tb_interface/UUT/i_evicted_block_IBUF[104]_inst in the HDL hierarchy, annotation will be skipped.
WARNING: [XSIM 43-3477] Unable to find hierarchical path /tb_interface/UUT/i_evicted_block_IBUF[105]_inst in the HDL hierarchy, annotation will be skipped.
WARNING: [XSIM 43-3477] Unable to find hierarchical path /tb_interface/UUT/i_evicted_block_IBUF[106]_inst in the HDL hierarchy, annotation will be skipped.
WARNING: [XSIM 43-3477] Unable to find hierarchical path /tb_interface/UUT/i_evicted_block_IBUF[107]_inst in the HDL hierarchy, annotation will be skipped.
WARNING: [XSIM 43-3477] Unable to find hierarchical path /tb_interface/UUT/i_evicted_block_IBUF[108]_inst in the HDL hierarchy, annotation will be skipped.
WARNING: [XSIM 43-3477] Unable to find hierarchical path /tb_interface/UUT/i_evicted_block_IBUF[109]_inst in the HDL hierarchy, annotation will be skipped.
WARNING: [XSIM 43-3477] Unable to find hierarchical path /tb_interface/UUT/i_evicted_block_IBUF[10]_inst in the HDL hierarchy, annotation will be skipped.
WARNING: [XSIM 43-3477] Unable to find hierarchical path /tb_interface/UUT/i_evicted_block_IBUF[110]_inst in the HDL hierarchy, annotation will be skipped.
WARNING: [XSIM 43-3477] Unable to find hierarchical path /tb_interface/UUT/i_evicted_block_IBUF[111]_inst in the HDL hierarchy, annotation will be skipped.
WARNING: [XSIM 43-3477] Unable to find hierarchical path /tb_interface/UUT/i_evicted_block_IBUF[112]_inst in the HDL hierarchy, annotation will be skipped.
WARNING: [XSIM 43-3477] Unable to find hierarchical path /tb_interface/UUT/i_evicted_block_IBUF[113]_inst in the HDL hierarchy, annotation will be skipped.
WARNING: [XSIM 43-3477] Unable to find hierarchical path /tb_interface/UUT/i_evicted_block_IBUF[114]_inst in the HDL hierarchy, annotation will be skipped.
WARNING: [XSIM 43-3477] Unable to find hierarchical path /tb_interface/UUT/i_evicted_block_IBUF[115]_inst in the HDL hierarchy, annotation will be skipped.
WARNING: [XSIM 43-3477] Unable to find hierarchical path /tb_interface/UUT/i_evicted_block_IBUF[116]_inst in the HDL hierarchy, annotation will be skipped.
WARNING: [XSIM 43-3477] Unable to find hierarchical path /tb_interface/UUT/i_evicted_block_IBUF[117]_inst in the HDL hierarchy, annotation will be skipped.
WARNING: [XSIM 43-3477] Unable to find hierarchical path /tb_interface/UUT/i_evicted_block_IBUF[118]_inst in the HDL hierarchy, annotation will be skipped.
WARNING: [XSIM 43-3477] Unable to find hierarchical path /tb_interface/UUT/i_evicted_block_IBUF[119]_inst in the HDL hierarchy, annotation will be skipped.
WARNING: [XSIM 43-3477] Unable to find hierarchical path /tb_interface/UUT/i_evicted_block_IBUF[11]_inst in the HDL hierarchy, annotation will be skipped.
WARNING: [XSIM 43-3477] Unable to find hierarchical path /tb_interface/UUT/i_evicted_block_IBUF[120]_inst in the HDL hierarchy, annotation will be skipped.
WARNING: [XSIM 43-3477] Unable to find hierarchical path /tb_interface/UUT/i_evicted_block_IBUF[121]_inst in the HDL hierarchy, annotation will be skipped.
WARNING: [XSIM 43-3477] Unable to find hierarchical path /tb_interface/UUT/i_evicted_block_IBUF[122]_inst in the HDL hierarchy, annotation will be skipped.
WARNING: [XSIM 43-3477] Unable to find hierarchical path /tb_interface/UUT/i_evicted_block_IBUF[123]_inst in the HDL hierarchy, annotation will be skipped.
WARNING: [XSIM 43-3477] Unable to find hierarchical path /tb_interface/UUT/i_evicted_block_IBUF[124]_inst in the HDL hierarchy, annotation will be skipped.
WARNING: [XSIM 43-3477] Unable to find hierarchical path /tb_interface/UUT/i_evicted_block_IBUF[125]_inst in the HDL hierarchy, annotation will be skipped.
WARNING: [XSIM 43-3477] Unable to find hierarchical path /tb_interface/UUT/i_evicted_block_IBUF[126]_inst in the HDL hierarchy, annotation will be skipped.
WARNING: [XSIM 43-3477] Unable to find hierarchical path /tb_interface/UUT/i_evicted_block_IBUF[127]_inst in the HDL hierarchy, annotation will be skipped.
WARNING: [XSIM 43-3477] Unable to find hierarchical path /tb_interface/UUT/i_evicted_block_IBUF[12]_inst in the HDL hierarchy, annotation will be skipped.
WARNING: [XSIM 43-3477] Unable to find hierarchical path /tb_interface/UUT/i_evicted_block_IBUF[13]_inst in the HDL hierarchy, annotation will be skipped.
WARNING: [XSIM 43-3477] Unable to find hierarchical path /tb_interface/UUT/i_evicted_block_IBUF[14]_inst in the HDL hierarchy, annotation will be skipped.
WARNING: [XSIM 43-3477] Unable to find hierarchical path /tb_interface/UUT/i_evicted_block_IBUF[15]_inst in the HDL hierarchy, annotation will be skipped.
WARNING: [XSIM 43-3477] Unable to find hierarchical path /tb_interface/UUT/i_evicted_block_IBUF[16]_inst in the HDL hierarchy, annotation will be skipped.
WARNING: [XSIM 43-3477] Unable to find hierarchical path /tb_interface/UUT/i_evicted_block_IBUF[17]_inst in the HDL hierarchy, annotation will be skipped.
WARNING: [XSIM 43-3477] Unable to find hierarchical path /tb_interface/UUT/i_evicted_block_IBUF[18]_inst in the HDL hierarchy, annotation will be skipped.
WARNING: [XSIM 43-3477] Unable to find hierarchical path /tb_interface/UUT/i_evicted_block_IBUF[19]_inst in the HDL hierarchy, annotation will be skipped.
WARNING: [XSIM 43-3477] Unable to find hierarchical path /tb_interface/UUT/i_evicted_block_IBUF[1]_inst in the HDL hierarchy, annotation will be skipped.
WARNING: [XSIM 43-3477] Unable to find hierarchical path /tb_interface/UUT/i_evicted_block_IBUF[20]_inst in the HDL hierarchy, annotation will be skipped.
WARNING: [XSIM 43-3477] Unable to find hierarchical path /tb_interface/UUT/i_evicted_block_IBUF[21]_inst in the HDL hierarchy, annotation will be skipped.
WARNING: [XSIM 43-3477] Unable to find hierarchical path /tb_interface/UUT/i_evicted_block_IBUF[22]_inst in the HDL hierarchy, annotation will be skipped.
WARNING: [XSIM 43-3477] Unable to find hierarchical path /tb_interface/UUT/i_evicted_block_IBUF[23]_inst in the HDL hierarchy, annotation will be skipped.
WARNING: [XSIM 43-3477] Unable to find hierarchical path /tb_interface/UUT/i_evicted_block_IBUF[24]_inst in the HDL hierarchy, annotation will be skipped.
WARNING: [XSIM 43-3477] Unable to find hierarchical path /tb_interface/UUT/i_evicted_block_IBUF[25]_inst in the HDL hierarchy, annotation will be skipped.
WARNING: [XSIM 43-3477] Unable to find hierarchical path /tb_interface/UUT/i_evicted_block_IBUF[26]_inst in the HDL hierarchy, annotation will be skipped.
WARNING: [XSIM 43-3477] Unable to find hierarchical path /tb_interface/UUT/i_evicted_block_IBUF[27]_inst in the HDL hierarchy, annotation will be skipped.
WARNING: [XSIM 43-3477] Unable to find hierarchical path /tb_interface/UUT/i_evicted_block_IBUF[28]_inst in the HDL hierarchy, annotation will be skipped.
WARNING: [XSIM 43-3477] Unable to find hierarchical path /tb_interface/UUT/i_evicted_block_IBUF[29]_inst in the HDL hierarchy, annotation will be skipped.
WARNING: [XSIM 43-3477] Unable to find hierarchical path /tb_interface/UUT/i_evicted_block_IBUF[2]_inst in the HDL hierarchy, annotation will be skipped.
WARNING: [XSIM 43-3477] Unable to find hierarchical path /tb_interface/UUT/i_evicted_block_IBUF[30]_inst in the HDL hierarchy, annotation will be skipped.
WARNING: [XSIM 43-3477] Unable to find hierarchical path /tb_interface/UUT/i_evicted_block_IBUF[31]_inst in the HDL hierarchy, annotation will be skipped.
WARNING: [XSIM 43-3477] Unable to find hierarchical path /tb_interface/UUT/i_evicted_block_IBUF[32]_inst in the HDL hierarchy, annotation will be skipped.
WARNING: [XSIM 43-3477] Unable to find hierarchical path /tb_interface/UUT/i_evicted_block_IBUF[33]_inst in the HDL hierarchy, annotation will be skipped.
WARNING: [XSIM 43-3477] Unable to find hierarchical path /tb_interface/UUT/i_evicted_block_IBUF[34]_inst in the HDL hierarchy, annotation will be skipped.
WARNING: [XSIM 43-3477] Unable to find hierarchical path /tb_interface/UUT/i_evicted_block_IBUF[35]_inst in the HDL hierarchy, annotation will be skipped.
WARNING: [XSIM 43-3477] Unable to find hierarchical path /tb_interface/UUT/i_evicted_block_IBUF[36]_inst in the HDL hierarchy, annotation will be skipped.
WARNING: [XSIM 43-3477] Unable to find hierarchical path /tb_interface/UUT/i_evicted_block_IBUF[37]_inst in the HDL hierarchy, annotation will be skipped.
WARNING: [XSIM 43-3477] Unable to find hierarchical path /tb_interface/UUT/i_evicted_block_IBUF[38]_inst in the HDL hierarchy, annotation will be skipped.
WARNING: [XSIM 43-3477] Unable to find hierarchical path /tb_interface/UUT/i_evicted_block_IBUF[39]_inst in the HDL hierarchy, annotation will be skipped.
WARNING: [XSIM 43-3477] Unable to find hierarchical path /tb_interface/UUT/i_evicted_block_IBUF[3]_inst in the HDL hierarchy, annotation will be skipped.
WARNING: [XSIM 43-3477] Unable to find hierarchical path /tb_interface/UUT/i_evicted_block_IBUF[40]_inst in the HDL hierarchy, annotation will be skipped.
WARNING: [XSIM 43-3477] Unable to find hierarchical path /tb_interface/UUT/i_evicted_block_IBUF[41]_inst in the HDL hierarchy, annotation will be skipped.
WARNING: [XSIM 43-3477] Unable to find hierarchical path /tb_interface/UUT/i_evicted_block_IBUF[42]_inst in the HDL hierarchy, annotation will be skipped.
WARNING: [XSIM 43-3477] Unable to find hierarchical path /tb_interface/UUT/i_evicted_block_IBUF[43]_inst in the HDL hierarchy, annotation will be skipped.
WARNING: [XSIM 43-3477] Unable to find hierarchical path /tb_interface/UUT/i_evicted_block_IBUF[44]_inst in the HDL hierarchy, annotation will be skipped.
WARNING: [XSIM 43-3477] Unable to find hierarchical path /tb_interface/UUT/i_evicted_block_IBUF[45]_inst in the HDL hierarchy, annotation will be skipped.
WARNING: [XSIM 43-3477] Unable to find hierarchical path /tb_interface/UUT/i_evicted_block_IBUF[46]_inst in the HDL hierarchy, annotation will be skipped.
WARNING: [XSIM 43-3477] Unable to find hierarchical path /tb_interface/UUT/i_evicted_block_IBUF[47]_inst in the HDL hierarchy, annotation will be skipped.
WARNING: [XSIM 43-3477] Unable to find hierarchical path /tb_interface/UUT/i_evicted_block_IBUF[48]_inst in the HDL hierarchy, annotation will be skipped.
WARNING: [XSIM 43-3477] Unable to find hierarchical path /tb_interface/UUT/i_evicted_block_IBUF[49]_inst in the HDL hierarchy, annotation will be skipped.
WARNING: [XSIM 43-3477] Unable to find hierarchical path /tb_interface/UUT/i_evicted_block_IBUF[4]_inst in the HDL hierarchy, annotation will be skipped.
WARNING: [XSIM 43-3477] Unable to find hierarchical path /tb_interface/UUT/i_evicted_block_IBUF[50]_inst in the HDL hierarchy, annotation will be skipped.
WARNING: [XSIM 43-3477] Unable to find hierarchical path /tb_interface/UUT/i_evicted_block_IBUF[51]_inst in the HDL hierarchy, annotation will be skipped.
WARNING: [XSIM 43-3477] Unable to find hierarchical path /tb_interface/UUT/i_evicted_block_IBUF[52]_inst in the HDL hierarchy, annotation will be skipped.
WARNING: [XSIM 43-3477] Unable to find hierarchical path /tb_interface/UUT/i_evicted_block_IBUF[53]_inst in the HDL hierarchy, annotation will be skipped.
WARNING: [XSIM 43-3477] Unable to find hierarchical path /tb_interface/UUT/i_evicted_block_IBUF[54]_inst in the HDL hierarchy, annotation will be skipped.
WARNING: [XSIM 43-3477] Unable to find hierarchical path /tb_interface/UUT/i_evicted_block_IBUF[55]_inst in the HDL hierarchy, annotation will be skipped.
WARNING: [XSIM 43-3477] Unable to find hierarchical path /tb_interface/UUT/i_evicted_block_IBUF[56]_inst in the HDL hierarchy, annotation will be skipped.
WARNING: [XSIM 43-3477] Unable to find hierarchical path /tb_interface/UUT/i_evicted_block_IBUF[57]_inst in the HDL hierarchy, annotation will be skipped.
WARNING: [XSIM 43-3477] Unable to find hierarchical path /tb_interface/UUT/i_evicted_block_IBUF[58]_inst in the HDL hierarchy, annotation will be skipped.
WARNING: [XSIM 43-3477] Unable to find hierarchical path /tb_interface/UUT/i_evicted_block_IBUF[59]_inst in the HDL hierarchy, annotation will be skipped.
WARNING: [XSIM 43-3477] Unable to find hierarchical path /tb_interface/UUT/i_evicted_block_IBUF[5]_inst in the HDL hierarchy, annotation will be skipped.
WARNING: [XSIM 43-3477] Unable to find hierarchical path /tb_interface/UUT/i_evicted_block_IBUF[60]_inst in the HDL hierarchy, annotation will be skipped.
WARNING: [XSIM 43-3477] Unable to find hierarchical path /tb_interface/UUT/i_evicted_block_IBUF[61]_inst in the HDL hierarchy, annotation will be skipped.
WARNING: [XSIM 43-3477] Unable to find hierarchical path /tb_interface/UUT/i_evicted_block_IBUF[62]_inst in the HDL hierarchy, annotation will be skipped.
WARNING: [XSIM 43-3477] Unable to find hierarchical path /tb_interface/UUT/i_evicted_block_IBUF[63]_inst in the HDL hierarchy, annotation will be skipped.
WARNING: [XSIM 43-3477] Unable to find hierarchical path /tb_interface/UUT/i_evicted_block_IBUF[64]_inst in the HDL hierarchy, annotation will be skipped.
WARNING: [XSIM 43-3477] Unable to find hierarchical path /tb_interface/UUT/i_evicted_block_IBUF[65]_inst in the HDL hierarchy, annotation will be skipped.
WARNING: [XSIM 43-3477] Unable to find hierarchical path /tb_interface/UUT/i_evicted_block_IBUF[66]_inst in the HDL hierarchy, annotation will be skipped.
WARNING: [XSIM 43-3477] Unable to find hierarchical path /tb_interface/UUT/i_evicted_block_IBUF[67]_inst in the HDL hierarchy, annotation will be skipped.
WARNING: [XSIM 43-3477] Unable to find hierarchical path /tb_interface/UUT/i_evicted_block_IBUF[68]_inst in the HDL hierarchy, annotation will be skipped.
WARNING: [XSIM 43-3477] Unable to find hierarchical path /tb_interface/UUT/i_evicted_block_IBUF[69]_inst in the HDL hierarchy, annotation will be skipped.
WARNING: [XSIM 43-3477] Unable to find hierarchical path /tb_interface/UUT/i_evicted_block_IBUF[6]_inst in the HDL hierarchy, annotation will be skipped.
WARNING: [XSIM 43-3477] Unable to find hierarchical path /tb_interface/UUT/i_evicted_block_IBUF[70]_inst in the HDL hierarchy, annotation will be skipped.
WARNING: [XSIM 43-3477] Unable to find hierarchical path /tb_interface/UUT/i_evicted_block_IBUF[71]_inst in the HDL hierarchy, annotation will be skipped.
WARNING: [XSIM 43-3477] Unable to find hierarchical path /tb_interface/UUT/i_evicted_block_IBUF[72]_inst in the HDL hierarchy, annotation will be skipped.
WARNING: [XSIM 43-3477] Unable to find hierarchical path /tb_interface/UUT/i_evicted_block_IBUF[73]_inst in the HDL hierarchy, annotation will be skipped.
WARNING: [XSIM 43-3477] Unable to find hierarchical path /tb_interface/UUT/i_evicted_block_IBUF[74]_inst in the HDL hierarchy, annotation will be skipped.
WARNING: [XSIM 43-3477] Unable to find hierarchical path /tb_interface/UUT/i_evicted_block_IBUF[75]_inst in the HDL hierarchy, annotation will be skipped.
WARNING: [XSIM 43-3477] Unable to find hierarchical path /tb_interface/UUT/i_evicted_block_IBUF[76]_inst in the HDL hierarchy, annotation will be skipped.
WARNING: [XSIM 43-3477] Unable to find hierarchical path /tb_interface/UUT/i_evicted_block_IBUF[77]_inst in the HDL hierarchy, annotation will be skipped.
WARNING: [XSIM 43-3477] Unable to find hierarchical path /tb_interface/UUT/i_evicted_block_IBUF[78]_inst in the HDL hierarchy, annotation will be skipped.
WARNING: [XSIM 43-3477] Unable to find hierarchical path /tb_interface/UUT/i_evicted_block_IBUF[79]_inst in the HDL hierarchy, annotation will be skipped.
WARNING: [XSIM 43-3477] Unable to find hierarchical path /tb_interface/UUT/i_evicted_block_IBUF[7]_inst in the HDL hierarchy, annotation will be skipped.
WARNING: [XSIM 43-3477] Unable to find hierarchical path /tb_interface/UUT/i_evicted_block_IBUF[80]_inst in the HDL hierarchy, annotation will be skipped.
WARNING: [XSIM 43-3477] Unable to find hierarchical path /tb_interface/UUT/i_evicted_block_IBUF[81]_inst in the HDL hierarchy, annotation will be skipped.
WARNING: [XSIM 43-3477] Unable to find hierarchical path /tb_interface/UUT/i_evicted_block_IBUF[82]_inst in the HDL hierarchy, annotation will be skipped.
WARNING: [XSIM 43-3477] Unable to find hierarchical path /tb_interface/UUT/i_evicted_block_IBUF[83]_inst in the HDL hierarchy, annotation will be skipped.
WARNING: [XSIM 43-3477] Unable to find hierarchical path /tb_interface/UUT/i_evicted_block_IBUF[84]_inst in the HDL hierarchy, annotation will be skipped.
WARNING: [XSIM 43-3477] Unable to find hierarchical path /tb_interface/UUT/i_evicted_block_IBUF[85]_inst in the HDL hierarchy, annotation will be skipped.
WARNING: [XSIM 43-3477] Unable to find hierarchical path /tb_interface/UUT/i_evicted_block_IBUF[86]_inst in the HDL hierarchy, annotation will be skipped.
WARNING: [XSIM 43-3477] Unable to find hierarchical path /tb_interface/UUT/i_evicted_block_IBUF[87]_inst in the HDL hierarchy, annotation will be skipped.
WARNING: [XSIM 43-3477] Unable to find hierarchical path /tb_interface/UUT/i_evicted_block_IBUF[88]_inst in the HDL hierarchy, annotation will be skipped.
WARNING: [XSIM 43-3477] Unable to find hierarchical path /tb_interface/UUT/i_evicted_block_IBUF[89]_inst in the HDL hierarchy, annotation will be skipped.
WARNING: [XSIM 43-3477] Unable to find hierarchical path /tb_interface/UUT/i_evicted_block_IBUF[8]_inst in the HDL hierarchy, annotation will be skipped.
WARNING: [XSIM 43-3477] Unable to find hierarchical path /tb_interface/UUT/i_evicted_block_IBUF[90]_inst in the HDL hierarchy, annotation will be skipped.
WARNING: [XSIM 43-3477] Unable to find hierarchical path /tb_interface/UUT/i_evicted_block_IBUF[91]_inst in the HDL hierarchy, annotation will be skipped.
WARNING: [XSIM 43-3477] Unable to find hierarchical path /tb_interface/UUT/i_evicted_block_IBUF[92]_inst in the HDL hierarchy, annotation will be skipped.
WARNING: [XSIM 43-3477] Unable to find hierarchical path /tb_interface/UUT/i_evicted_block_IBUF[93]_inst in the HDL hierarchy, annotation will be skipped.
WARNING: [XSIM 43-3477] Unable to find hierarchical path /tb_interface/UUT/i_evicted_block_IBUF[94]_inst in the HDL hierarchy, annotation will be skipped.
WARNING: [XSIM 43-3477] Unable to find hierarchical path /tb_interface/UUT/i_evicted_block_IBUF[95]_inst in the HDL hierarchy, annotation will be skipped.
WARNING: [XSIM 43-3477] Unable to find hierarchical path /tb_interface/UUT/i_evicted_block_IBUF[96]_inst in the HDL hierarchy, annotation will be skipped.
WARNING: [XSIM 43-3477] Unable to find hierarchical path /tb_interface/UUT/i_evicted_block_IBUF[97]_inst in the HDL hierarchy, annotation will be skipped.
WARNING: [XSIM 43-3477] Unable to find hierarchical path /tb_interface/UUT/i_evicted_block_IBUF[98]_inst in the HDL hierarchy, annotation will be skipped.
WARNING: [XSIM 43-3477] Unable to find hierarchical path /tb_interface/UUT/i_evicted_block_IBUF[99]_inst in the HDL hierarchy, annotation will be skipped.
WARNING: [XSIM 43-3477] Unable to find hierarchical path /tb_interface/UUT/i_evicted_block_IBUF[9]_inst in the HDL hierarchy, annotation will be skipped.
WARNING: [XSIM 43-3477] Unable to find hierarchical path /tb_interface/UUT/i_testbench_addr_IBUF[0]_inst in the HDL hierarchy, annotation will be skipped.
WARNING: [XSIM 43-3477] Unable to find hierarchical path /tb_interface/UUT/i_testbench_addr_IBUF[10]_inst in the HDL hierarchy, annotation will be skipped.
WARNING: [XSIM 43-3477] Unable to find hierarchical path /tb_interface/UUT/i_testbench_addr_IBUF[11]_inst in the HDL hierarchy, annotation will be skipped.
WARNING: [XSIM 43-3477] Unable to find hierarchical path /tb_interface/UUT/i_testbench_addr_IBUF[1]_inst in the HDL hierarchy, annotation will be skipped.
WARNING: [XSIM 43-3477] Unable to find hierarchical path /tb_interface/UUT/i_testbench_addr_IBUF[2]_inst in the HDL hierarchy, annotation will be skipped.
WARNING: [XSIM 43-3477] Unable to find hierarchical path /tb_interface/UUT/i_testbench_addr_IBUF[3]_inst in the HDL hierarchy, annotation will be skipped.
WARNING: [XSIM 43-3477] Unable to find hierarchical path /tb_interface/UUT/i_testbench_addr_IBUF[4]_inst in the HDL hierarchy, annotation will be skipped.
WARNING: [XSIM 43-3477] Unable to find hierarchical path /tb_interface/UUT/i_testbench_addr_IBUF[5]_inst in the HDL hierarchy, annotation will be skipped.
WARNING: [XSIM 43-3477] Unable to find hierarchical path /tb_interface/UUT/i_testbench_addr_IBUF[6]_inst in the HDL hierarchy, annotation will be skipped.
WARNING: [XSIM 43-3477] Unable to find hierarchical path /tb_interface/UUT/i_testbench_addr_IBUF[7]_inst in the HDL hierarchy, annotation will be skipped.
WARNING: [XSIM 43-3477] Unable to find hierarchical path /tb_interface/UUT/i_testbench_addr_IBUF[8]_inst in the HDL hierarchy, annotation will be skipped.
WARNING: [XSIM 43-3477] Unable to find hierarchical path /tb_interface/UUT/i_testbench_addr_IBUF[9]_inst in the HDL hierarchy, annotation will be skipped.
WARNING: [XSIM 43-3477] Unable to find hierarchical path /tb_interface/UUT/o_testbench_data_OBUF[0]_inst in the HDL hierarchy, annotation will be skipped.
WARNING: [XSIM 43-3477] Unable to find hierarchical path /tb_interface/UUT/o_testbench_data_OBUF[10]_inst in the HDL hierarchy, annotation will be skipped.
WARNING: [XSIM 43-3477] Unable to find hierarchical path /tb_interface/UUT/o_testbench_data_OBUF[11]_inst in the HDL hierarchy, annotation will be skipped.
WARNING: [XSIM 43-3477] Unable to find hierarchical path /tb_interface/UUT/o_testbench_data_OBUF[12]_inst in the HDL hierarchy, annotation will be skipped.
WARNING: [XSIM 43-3477] Unable to find hierarchical path /tb_interface/UUT/o_testbench_data_OBUF[13]_inst in the HDL hierarchy, annotation will be skipped.
WARNING: [XSIM 43-3477] Unable to find hierarchical path /tb_interface/UUT/o_testbench_data_OBUF[14]_inst in the HDL hierarchy, annotation will be skipped.
WARNING: [XSIM 43-3477] Unable to find hierarchical path /tb_interface/UUT/o_testbench_data_OBUF[15]_inst in the HDL hierarchy, annotation will be skipped.
WARNING: [XSIM 43-3477] Unable to find hierarchical path /tb_interface/UUT/o_testbench_data_OBUF[16]_inst in the HDL hierarchy, annotation will be skipped.
WARNING: [XSIM 43-3477] Unable to find hierarchical path /tb_interface/UUT/o_testbench_data_OBUF[17]_inst in the HDL hierarchy, annotation will be skipped.
WARNING: [XSIM 43-3477] Unable to find hierarchical path /tb_interface/UUT/o_testbench_data_OBUF[18]_inst in the HDL hierarchy, annotation will be skipped.
WARNING: [XSIM 43-3477] Unable to find hierarchical path /tb_interface/UUT/o_testbench_data_OBUF[19]_inst in the HDL hierarchy, annotation will be skipped.
WARNING: [XSIM 43-3477] Unable to find hierarchical path /tb_interface/UUT/o_testbench_data_OBUF[1]_inst in the HDL hierarchy, annotation will be skipped.
WARNING: [XSIM 43-3477] Unable to find hierarchical path /tb_interface/UUT/o_testbench_data_OBUF[20]_inst in the HDL hierarchy, annotation will be skipped.
WARNING: [XSIM 43-3477] Unable to find hierarchical path /tb_interface/UUT/o_testbench_data_OBUF[21]_inst in the HDL hierarchy, annotation will be skipped.
WARNING: [XSIM 43-3477] Unable to find hierarchical path /tb_interface/UUT/o_testbench_data_OBUF[22]_inst in the HDL hierarchy, annotation will be skipped.
WARNING: [XSIM 43-3477] Unable to find hierarchical path /tb_interface/UUT/o_testbench_data_OBUF[23]_inst in the HDL hierarchy, annotation will be skipped.
WARNING: [XSIM 43-3477] Unable to find hierarchical path /tb_interface/UUT/o_testbench_data_OBUF[24]_inst in the HDL hierarchy, annotation will be skipped.
WARNING: [XSIM 43-3477] Unable to find hierarchical path /tb_interface/UUT/o_testbench_data_OBUF[25]_inst in the HDL hierarchy, annotation will be skipped.
WARNING: [XSIM 43-3477] Unable to find hierarchical path /tb_interface/UUT/o_testbench_data_OBUF[26]_inst in the HDL hierarchy, annotation will be skipped.
WARNING: [XSIM 43-3477] Unable to find hierarchical path /tb_interface/UUT/o_testbench_data_OBUF[27]_inst in the HDL hierarchy, annotation will be skipped.
WARNING: [XSIM 43-3477] Unable to find hierarchical path /tb_interface/UUT/o_testbench_data_OBUF[28]_inst in the HDL hierarchy, annotation will be skipped.
WARNING: [XSIM 43-3477] Unable to find hierarchical path /tb_interface/UUT/o_testbench_data_OBUF[29]_inst in the HDL hierarchy, annotation will be skipped.
WARNING: [XSIM 43-3477] Unable to find hierarchical path /tb_interface/UUT/o_testbench_data_OBUF[2]_inst in the HDL hierarchy, annotation will be skipped.
WARNING: [XSIM 43-3477] Unable to find hierarchical path /tb_interface/UUT/o_testbench_data_OBUF[30]_inst in the HDL hierarchy, annotation will be skipped.
WARNING: [XSIM 43-3477] Unable to find hierarchical path /tb_interface/UUT/o_testbench_data_OBUF[31]_inst in the HDL hierarchy, annotation will be skipped.
WARNING: [XSIM 43-3477] Unable to find hierarchical path /tb_interface/UUT/o_testbench_data_OBUF[3]_inst in the HDL hierarchy, annotation will be skipped.
WARNING: [XSIM 43-3477] Unable to find hierarchical path /tb_interface/UUT/o_testbench_data_OBUF[4]_inst in the HDL hierarchy, annotation will be skipped.
WARNING: [XSIM 43-3477] Unable to find hierarchical path /tb_interface/UUT/o_testbench_data_OBUF[5]_inst in the HDL hierarchy, annotation will be skipped.
WARNING: [XSIM 43-3477] Unable to find hierarchical path /tb_interface/UUT/o_testbench_data_OBUF[6]_inst in the HDL hierarchy, annotation will be skipped.
WARNING: [XSIM 43-3477] Unable to find hierarchical path /tb_interface/UUT/o_testbench_data_OBUF[7]_inst in the HDL hierarchy, annotation will be skipped.
WARNING: [XSIM 43-3477] Unable to find hierarchical path /tb_interface/UUT/o_testbench_data_OBUF[8]_inst in the HDL hierarchy, annotation will be skipped.
WARNING: [XSIM 43-3477] Unable to find hierarchical path /tb_interface/UUT/o_testbench_data_OBUF[9]_inst in the HDL hierarchy, annotation will be skipped.
INFO: [XSIM 43-3452] SDF backannotation was successful for SDF file "tb_interface_time_synth.sdf", for root module "tb_interface/UUT".
Time Resolution for simulation is 1ps
Compiling module simprims_ver.RB36_INTERNAL_VLOG(READ_WIDTH_A=...
Compiling module simprims_ver.RAMB36E1(INIT_00=256'b0100110000...
Compiling module simprims_ver.x_lut2_mux4
Compiling module simprims_ver.LUT2
Compiling module simprims_ver.RB36_INTERNAL_VLOG(READ_WIDTH_A=...
Compiling module simprims_ver.RAMB36E1(INIT_00=256'b0100100000...
Compiling module simprims_ver.RB36_INTERNAL_VLOG(READ_WIDTH_A=...
Compiling module simprims_ver.RAMB36E1(INIT_00=256'b0111111100...
Compiling module simprims_ver.RB36_INTERNAL_VLOG(READ_WIDTH_A=...
Compiling module simprims_ver.RAMB36E1(INIT_00=256'b0110010100...
Compiling module xil_defaultlib.dual_port_bram
Compiling module simprims_ver.BUFG
Compiling module simprims_ver.IBUF
Compiling module simprims_ver.FDRE_default
Compiling module simprims_ver.x_lut1_mux2
Compiling module simprims_ver.LUT1(INIT=2'b01)
Compiling module simprims_ver.LUT4(INIT=16'b0110101000000000)
Compiling module simprims_ver.LUT5(INIT=32'b011010101010101000...
Compiling module simprims_ver.x_lut3_mux8
Compiling module simprims_ver.LUT3(INIT=8'b10000000)
Compiling module simprims_ver.FDSE_default
Compiling module simprims_ver.LUT6
Compiling module xil_defaultlib.eviction_controller
Compiling module simprims_ver.OBUF
Compiling module xil_defaultlib.interface_top_level
Compiling module xil_defaultlib.tb_interface
Compiling module xil_defaultlib.glbl
Built simulation snapshot tb_interface_time_synth
