INFO: [VRFC 10-2263] Analyzing Verilog file "F:/cache_synthesizable/cache_synthesizable.sim/sim_1/synth/timing/xsim/tb_top_time_synth.v" into library xil_defaultlib
INFO: [VRFC 10-311] analyzing module RAM64X1S_UNIQ_BASE_
INFO: [VRFC 10-311] analyzing module RAM64X1S_HD3634
INFO: [VRFC 10-311] analyzing module RAM64X1S_HD3635
INFO: [VRFC 10-311] analyzing module RAM64X1S_HD3636
INFO: [VRFC 10-311] analyzing module RAM64X1S_HD3637
INFO: [VRFC 10-311] analyzing module RAM64X1S_HD3638
INFO: [VRFC 10-311] analyzing module RAM64X1S_HD3639
INFO: [VRFC 10-311] analyzing module RAM64X1S_HD3640
INFO: [VRFC 10-311] analyzing module RAM64X1S_HD3641
INFO: [VRFC 10-311] analyzing module RAM64X1S_HD3642
INFO: [VRFC 10-311] analyzing module RAM64X1S_HD3643
INFO: [VRFC 10-311] analyzing module RAM64X1S_HD3644
INFO: [VRFC 10-311] analyzing module RAM64X1S_HD3645
INFO: [VRFC 10-311] analyzing module RAM64X1S_HD3646
INFO: [VRFC 10-311] analyzing module RAM64X1S_HD3647
INFO: [VRFC 10-311] analyzing module RAM64X1S_HD3648
INFO: [VRFC 10-311] analyzing module RAM64X1S_HD3649
INFO: [VRFC 10-311] analyzing module RAM64X1S_HD3650
INFO: [VRFC 10-311] analyzing module RAM64X1S_HD3651
INFO: [VRFC 10-311] analyzing module RAM64X1S_HD3652
INFO: [VRFC 10-311] analyzing module RAM64X1S_HD3653
INFO: [VRFC 10-311] analyzing module RAM64X1S_HD3654
INFO: [VRFC 10-311] analyzing module RAM64X1S_HD3655
INFO: [VRFC 10-311] analyzing module RAM64X1S_HD3656
INFO: [VRFC 10-311] analyzing module RAM64X1S_HD3657
INFO: [VRFC 10-311] analyzing module RAM64X1S_HD3658
INFO: [VRFC 10-311] analyzing module RAM64X1S_HD3659
INFO: [VRFC 10-311] analyzing module RAM64X1S_HD3660
INFO: [VRFC 10-311] analyzing module RAM64X1S_HD3661
INFO: [VRFC 10-311] analyzing module RAM64X1S_HD3662
INFO: [VRFC 10-311] analyzing module RAM64X1S_HD3663
INFO: [VRFC 10-311] analyzing module RAM64X1S_HD3664
INFO: [VRFC 10-311] analyzing module RAM64X1S_HD3665
INFO: [VRFC 10-311] analyzing module RAM64X1S_HD3666
INFO: [VRFC 10-311] analyzing module RAM64X1S_HD3667
INFO: [VRFC 10-311] analyzing module RAM64X1S_HD3668
INFO: [VRFC 10-311] analyzing module RAM64X1S_HD3669
INFO: [VRFC 10-311] analyzing module RAM64X1S_HD3670
INFO: [VRFC 10-311] analyzing module RAM64X1S_HD3671
INFO: [VRFC 10-311] analyzing module RAM64X1S_HD3672
INFO: [VRFC 10-311] analyzing module RAM64X1S_HD3673
INFO: [VRFC 10-311] analyzing module RAM64X1S_HD3674
INFO: [VRFC 10-311] analyzing module RAM64X1S_HD3675
INFO: [VRFC 10-311] analyzing module RAM64X1S_HD3676
INFO: [VRFC 10-311] analyzing module RAM64X1S_HD3677
INFO: [VRFC 10-311] analyzing module RAM64X1S_HD3678
INFO: [VRFC 10-311] analyzing module RAM64X1S_HD3679
INFO: [VRFC 10-311] analyzing module RAM64X1S_HD3680
INFO: [VRFC 10-311] analyzing module RAM64X1S_HD3681
INFO: [VRFC 10-311] analyzing module RAM64X1S_HD3682
INFO: [VRFC 10-311] analyzing module RAM64X1S_HD3683
INFO: [VRFC 10-311] analyzing module RAM64X1S_HD3684
INFO: [VRFC 10-311] analyzing module RAM64X1S_HD3685
INFO: [VRFC 10-311] analyzing module RAM64X1S_HD3686
INFO: [VRFC 10-311] analyzing module RAM64X1S_HD3687
INFO: [VRFC 10-311] analyzing module RAM64X1S_HD3688
INFO: [VRFC 10-311] analyzing module RAM64X1S_HD3689
INFO: [VRFC 10-311] analyzing module RAM64X1S_HD3690
INFO: [VRFC 10-311] analyzing module RAM64X1S_HD3691
INFO: [VRFC 10-311] analyzing module RAM64X1S_HD3692
INFO: [VRFC 10-311] analyzing module RAM64X1S_HD3693
INFO: [VRFC 10-311] analyzing module RAM64X1S_HD3694
INFO: [VRFC 10-311] analyzing module RAM64X1S_HD3695
INFO: [VRFC 10-311] analyzing module RAM64X1S_HD3696
INFO: [VRFC 10-311] analyzing module RAM64X1S_HD3697
INFO: [VRFC 10-311] analyzing module RAM64X1S_HD3698
INFO: [VRFC 10-311] analyzing module RAM64X1S_HD3699
INFO: [VRFC 10-311] analyzing module RAM64X1S_HD3700
INFO: [VRFC 10-311] analyzing module RAM64X1S_HD3701
INFO: [VRFC 10-311] analyzing module RAM64X1S_HD3702
INFO: [VRFC 10-311] analyzing module RAM64X1S_HD3703
INFO: [VRFC 10-311] analyzing module RAM64X1S_HD3704
INFO: [VRFC 10-311] analyzing module RAM64X1S_HD3705
INFO: [VRFC 10-311] analyzing module RAM64X1S_HD3706
INFO: [VRFC 10-311] analyzing module RAM64X1S_HD3707
INFO: [VRFC 10-311] analyzing module RAM64X1S_HD3708
INFO: [VRFC 10-311] analyzing module RAM64X1S_HD3709
INFO: [VRFC 10-311] analyzing module RAM64X1S_HD3710
INFO: [VRFC 10-311] analyzing module RAM64X1S_HD3711
INFO: [VRFC 10-311] analyzing module RAM64X1S_HD3712
INFO: [VRFC 10-311] analyzing module RAM64X1S_HD3713
INFO: [VRFC 10-311] analyzing module RAM64X1S_HD3714
INFO: [VRFC 10-311] analyzing module RAM64X1S_HD3715
INFO: [VRFC 10-311] analyzing module RAM64X1S_HD3716
INFO: [VRFC 10-311] analyzing module RAM64X1S_HD3717
INFO: [VRFC 10-311] analyzing module RAM64X1S_HD3718
INFO: [VRFC 10-311] analyzing module RAM64X1S_HD3719
INFO: [VRFC 10-311] analyzing module RAM64X1S_HD3720
INFO: [VRFC 10-311] analyzing module RAM64X1S_HD3721
INFO: [VRFC 10-311] analyzing module RAM64X1S_HD3722
INFO: [VRFC 10-311] analyzing module RAM64X1S_HD3723
INFO: [VRFC 10-311] analyzing module RAM64X1S_HD3724
INFO: [VRFC 10-311] analyzing module RAM64X1S_HD3725
INFO: [VRFC 10-311] analyzing module RAM64X1S_HD3726
INFO: [VRFC 10-311] analyzing module RAM64X1S_HD3727
INFO: [VRFC 10-311] analyzing module RAM64X1S_HD3728
INFO: [VRFC 10-311] analyzing module RAM64X1S_HD3729
INFO: [VRFC 10-311] analyzing module RAM64X1S_HD3730
INFO: [VRFC 10-311] analyzing module RAM64X1S_HD3731
INFO: [VRFC 10-311] analyzing module RAM64X1S_HD3732
INFO: [VRFC 10-311] analyzing module RAM64X1S_HD3733
INFO: [VRFC 10-311] analyzing module RAM64X1S_HD3734
INFO: [VRFC 10-311] analyzing module RAM64X1S_HD3735
INFO: [VRFC 10-311] analyzing module RAM64X1S_HD3736
INFO: [VRFC 10-311] analyzing module RAM64X1S_HD3737
INFO: [VRFC 10-311] analyzing module RAM64X1S_HD3738
INFO: [VRFC 10-311] analyzing module RAM64X1S_HD3739
INFO: [VRFC 10-311] analyzing module RAM64X1S_HD3740
INFO: [VRFC 10-311] analyzing module RAM64X1S_HD3741
INFO: [VRFC 10-311] analyzing module RAM64X1S_HD3742
INFO: [VRFC 10-311] analyzing module RAM64X1S_HD3743
INFO: [VRFC 10-311] analyzing module RAM64X1S_HD3744
INFO: [VRFC 10-311] analyzing module RAM64X1S_HD3745
INFO: [VRFC 10-311] analyzing module RAM64X1S_HD3746
INFO: [VRFC 10-311] analyzing module RAM64X1S_HD3747
INFO: [VRFC 10-311] analyzing module RAM64X1S_HD3748
INFO: [VRFC 10-311] analyzing module RAM64X1S_HD3749
INFO: [VRFC 10-311] analyzing module RAM64X1S_HD3750
INFO: [VRFC 10-311] analyzing module RAM64X1S_HD3751
INFO: [VRFC 10-311] analyzing module RAM64X1S_HD3752
INFO: [VRFC 10-311] analyzing module RAM64X1S_HD3753
INFO: [VRFC 10-311] analyzing module RAM64X1S_HD3754
INFO: [VRFC 10-311] analyzing module RAM64X1S_HD3755
INFO: [VRFC 10-311] analyzing module RAM64X1S_HD3756
INFO: [VRFC 10-311] analyzing module RAM64X1S_HD3757
INFO: [VRFC 10-311] analyzing module RAM64X1S_HD3758
INFO: [VRFC 10-311] analyzing module RAM64X1S_HD3759
INFO: [VRFC 10-311] analyzing module RAM64X1S_HD3760
INFO: [VRFC 10-311] analyzing module RAM64X1S_HD3761
INFO: [VRFC 10-311] analyzing module RAM64X1S_HD3762
INFO: [VRFC 10-311] analyzing module RAM64X1S_HD3763
INFO: [VRFC 10-311] analyzing module RAM64X1S_HD3764
INFO: [VRFC 10-311] analyzing module RAM64X1S_HD3765
INFO: [VRFC 10-311] analyzing module RAM64X1S_HD3766
INFO: [VRFC 10-311] analyzing module RAM64X1S_HD3767
INFO: [VRFC 10-311] analyzing module RAM64X1S_HD3768
INFO: [VRFC 10-311] analyzing module RAM64X1S_HD3769
INFO: [VRFC 10-311] analyzing module RAM64X1S_HD3770
INFO: [VRFC 10-311] analyzing module RAM64X1S_HD3771
INFO: [VRFC 10-311] analyzing module RAM64X1S_HD3772
INFO: [VRFC 10-311] analyzing module RAM64X1S_HD3773
INFO: [VRFC 10-311] analyzing module RAM64X1S_HD3774
INFO: [VRFC 10-311] analyzing module RAM64X1S_HD3775
INFO: [VRFC 10-311] analyzing module RAM64X1S_HD3776
INFO: [VRFC 10-311] analyzing module RAM64X1S_HD3777
INFO: [VRFC 10-311] analyzing module RAM64X1S_HD3778
INFO: [VRFC 10-311] analyzing module RAM64X1S_HD3779
INFO: [VRFC 10-311] analyzing module RAM64X1S_HD3780
INFO: [VRFC 10-311] analyzing module RAM64X1S_HD3781
INFO: [VRFC 10-311] analyzing module RAM64X1S_HD3782
INFO: [VRFC 10-311] analyzing module RAM64X1S_HD3783
INFO: [VRFC 10-311] analyzing module RAM64X1S_HD3784
INFO: [VRFC 10-311] analyzing module RAM64X1S_HD3785
INFO: [VRFC 10-311] analyzing module RAM64X1S_HD3786
INFO: [VRFC 10-311] analyzing module RAM64X1S_HD3787
INFO: [VRFC 10-311] analyzing module RAM64X1S_HD3788
INFO: [VRFC 10-311] analyzing module RAM64X1S_HD3789
INFO: [VRFC 10-311] analyzing module RAM64X1S_HD3790
INFO: [VRFC 10-311] analyzing module RAM64X1S_HD3791
INFO: [VRFC 10-311] analyzing module RAM64X1S_HD3792
INFO: [VRFC 10-311] analyzing module RAM64X1S_HD3793
INFO: [VRFC 10-311] analyzing module RAM64X1S_HD3794
INFO: [VRFC 10-311] analyzing module RAM64X1S_HD3795
INFO: [VRFC 10-311] analyzing module RAM64X1S_HD3796
INFO: [VRFC 10-311] analyzing module RAM64X1S_HD3797
INFO: [VRFC 10-311] analyzing module RAM64X1S_HD3798
INFO: [VRFC 10-311] analyzing module RAM64X1S_HD3799
INFO: [VRFC 10-311] analyzing module RAM64X1S_HD3800
INFO: [VRFC 10-311] analyzing module RAM64X1S_HD3801
INFO: [VRFC 10-311] analyzing module RAM64X1S_HD3802
INFO: [VRFC 10-311] analyzing module RAM64X1S_HD3803
INFO: [VRFC 10-311] analyzing module RAM64X1S_HD3804
INFO: [VRFC 10-311] analyzing module RAM64X1S_HD3805
INFO: [VRFC 10-311] analyzing module RAM64X1S_HD3806
INFO: [VRFC 10-311] analyzing module RAM64X1S_HD3807
INFO: [VRFC 10-311] analyzing module RAM64X1S_HD3808
INFO: [VRFC 10-311] analyzing module RAM64X1S_HD3809
INFO: [VRFC 10-311] analyzing module RAM64X1S_HD3810
INFO: [VRFC 10-311] analyzing module RAM64X1S_HD3811
INFO: [VRFC 10-311] analyzing module RAM64X1S_HD3812
INFO: [VRFC 10-311] analyzing module RAM64X1S_HD3813
INFO: [VRFC 10-311] analyzing module RAM64X1S_HD3814
INFO: [VRFC 10-311] analyzing module RAM64X1S_HD3815
INFO: [VRFC 10-311] analyzing module RAM64X1S_HD3816
INFO: [VRFC 10-311] analyzing module RAM64X1S_HD3817
INFO: [VRFC 10-311] analyzing module RAM64X1S_HD3818
INFO: [VRFC 10-311] analyzing module RAM64X1S_HD3819
INFO: [VRFC 10-311] analyzing module RAM64X1S_HD3820
INFO: [VRFC 10-311] analyzing module RAM64X1S_HD3821
INFO: [VRFC 10-311] analyzing module RAM64X1S_HD3822
INFO: [VRFC 10-311] analyzing module RAM64X1S_HD3823
INFO: [VRFC 10-311] analyzing module RAM64X1S_HD3824
INFO: [VRFC 10-311] analyzing module RAM64X1S_HD3825
INFO: [VRFC 10-311] analyzing module RAM64X1S_HD3826
INFO: [VRFC 10-311] analyzing module RAM64X1S_HD3827
INFO: [VRFC 10-311] analyzing module RAM64X1S_HD3828
INFO: [VRFC 10-311] analyzing module RAM64X1S_HD3829
INFO: [VRFC 10-311] analyzing module RAM64X1S_HD3830
INFO: [VRFC 10-311] analyzing module RAM64X1S_HD3831
INFO: [VRFC 10-311] analyzing module RAM64X1S_HD3832
INFO: [VRFC 10-311] analyzing module RAM64X1S_HD3833
INFO: [VRFC 10-311] analyzing module RAM64X1S_HD3834
INFO: [VRFC 10-311] analyzing module RAM64X1S_HD3835
INFO: [VRFC 10-311] analyzing module RAM64X1S_HD3836
INFO: [VRFC 10-311] analyzing module RAM64X1S_HD3837
INFO: [VRFC 10-311] analyzing module RAM64X1S_HD3838
INFO: [VRFC 10-311] analyzing module RAM64X1S_HD3839
INFO: [VRFC 10-311] analyzing module RAM64X1S_HD3840
INFO: [VRFC 10-311] analyzing module RAM64X1S_HD3841
INFO: [VRFC 10-311] analyzing module RAM64X1S_HD3842
INFO: [VRFC 10-311] analyzing module RAM64X1S_HD3843
INFO: [VRFC 10-311] analyzing module RAM64X1S_HD3844
INFO: [VRFC 10-311] analyzing module RAM64X1S_HD3845
INFO: [VRFC 10-311] analyzing module RAM64X1S_HD3846
INFO: [VRFC 10-311] analyzing module RAM64X1S_HD3847
INFO: [VRFC 10-311] analyzing module RAM64X1S_HD3848
INFO: [VRFC 10-311] analyzing module RAM64X1S_HD3849
INFO: [VRFC 10-311] analyzing module RAM64X1S_HD3850
INFO: [VRFC 10-311] analyzing module RAM64X1S_HD3851
INFO: [VRFC 10-311] analyzing module RAM64X1S_HD3852
INFO: [VRFC 10-311] analyzing module RAM64X1S_HD3853
INFO: [VRFC 10-311] analyzing module RAM64X1S_HD3854
INFO: [VRFC 10-311] analyzing module RAM64X1S_HD3855
INFO: [VRFC 10-311] analyzing module RAM64X1S_HD3856
INFO: [VRFC 10-311] analyzing module RAM64X1S_HD3857
INFO: [VRFC 10-311] analyzing module RAM64X1S_HD3858
INFO: [VRFC 10-311] analyzing module RAM64X1S_HD3859
INFO: [VRFC 10-311] analyzing module RAM64X1S_HD3860
INFO: [VRFC 10-311] analyzing module RAM64X1S_HD3861
INFO: [VRFC 10-311] analyzing module RAM64X1S_HD3862
INFO: [VRFC 10-311] analyzing module RAM64X1S_HD3863
INFO: [VRFC 10-311] analyzing module RAM64X1S_HD3864
INFO: [VRFC 10-311] analyzing module RAM64X1S_HD3865
INFO: [VRFC 10-311] analyzing module RAM64X1S_HD3866
INFO: [VRFC 10-311] analyzing module RAM64X1S_HD3867
INFO: [VRFC 10-311] analyzing module RAM64X1S_HD3868
INFO: [VRFC 10-311] analyzing module RAM64X1S_HD3869
INFO: [VRFC 10-311] analyzing module RAM64X1S_HD3870
INFO: [VRFC 10-311] analyzing module RAM64X1S_HD3871
INFO: [VRFC 10-311] analyzing module RAM64X1S_HD3872
INFO: [VRFC 10-311] analyzing module RAM64X1S_HD3873
INFO: [VRFC 10-311] analyzing module RAM64X1S_HD3874
INFO: [VRFC 10-311] analyzing module RAM64X1S_HD3875
INFO: [VRFC 10-311] analyzing module RAM64X1S_HD3876
INFO: [VRFC 10-311] analyzing module RAM64X1S_HD3877
INFO: [VRFC 10-311] analyzing module RAM64X1S_HD3878
INFO: [VRFC 10-311] analyzing module RAM64X1S_HD3879
INFO: [VRFC 10-311] analyzing module RAM64X1S_HD3880
INFO: [VRFC 10-311] analyzing module RAM64X1S_HD3881
INFO: [VRFC 10-311] analyzing module RAM64X1S_HD3882
INFO: [VRFC 10-311] analyzing module RAM64X1S_HD3883
INFO: [VRFC 10-311] analyzing module RAM64X1S_HD3884
INFO: [VRFC 10-311] analyzing module RAM64X1S_HD3885
INFO: [VRFC 10-311] analyzing module RAM64X1S_HD3886
INFO: [VRFC 10-311] analyzing module RAM64X1S_HD3887
INFO: [VRFC 10-311] analyzing module RAM64X1S_HD3888
INFO: [VRFC 10-311] analyzing module RAM64X1S_HD3889
INFO: [VRFC 10-311] analyzing module RAM64X1S_HD3890
INFO: [VRFC 10-311] analyzing module RAM64X1S_HD3891
INFO: [VRFC 10-311] analyzing module RAM64X1S_HD3892
INFO: [VRFC 10-311] analyzing module RAM64X1S_HD3893
INFO: [VRFC 10-311] analyzing module RAM64X1S_HD3894
INFO: [VRFC 10-311] analyzing module RAM64X1S_HD3895
INFO: [VRFC 10-311] analyzing module RAM64X1S_HD3896
INFO: [VRFC 10-311] analyzing module RAM64X1S_HD3897
INFO: [VRFC 10-311] analyzing module RAM64X1S_HD3898
INFO: [VRFC 10-311] analyzing module RAM64X1S_HD3899
INFO: [VRFC 10-311] analyzing module RAM64X1S_HD3900
INFO: [VRFC 10-311] analyzing module RAM64X1S_HD3901
INFO: [VRFC 10-311] analyzing module RAM64X1S_HD3902
INFO: [VRFC 10-311] analyzing module RAM64X1S_HD3903
INFO: [VRFC 10-311] analyzing module RAM64X1S_HD3904
INFO: [VRFC 10-311] analyzing module RAM64X1S_HD3905
INFO: [VRFC 10-311] analyzing module RAM64X1S_HD3906
INFO: [VRFC 10-311] analyzing module RAM64X1S_HD3907
INFO: [VRFC 10-311] analyzing module RAM64X1S_HD3908
INFO: [VRFC 10-311] analyzing module RAM64X1S_HD3909
INFO: [VRFC 10-311] analyzing module RAM64X1S_HD3910
INFO: [VRFC 10-311] analyzing module RAM64X1S_HD3911
INFO: [VRFC 10-311] analyzing module RAM64X1S_HD3912
INFO: [VRFC 10-311] analyzing module RAM64X1S_HD3913
INFO: [VRFC 10-311] analyzing module RAM64X1S_HD3914
INFO: [VRFC 10-311] analyzing module RAM64X1S_HD3915
INFO: [VRFC 10-311] analyzing module RAM64X1S_HD3916
INFO: [VRFC 10-311] analyzing module RAM64X1S_HD3917
INFO: [VRFC 10-311] analyzing module RAM64X1S_HD3918
INFO: [VRFC 10-311] analyzing module RAM64X1S_HD3919
INFO: [VRFC 10-311] analyzing module RAM64X1S_HD3920
INFO: [VRFC 10-311] analyzing module RAM64X1S_HD3921
INFO: [VRFC 10-311] analyzing module RAM64X1S_HD3922
INFO: [VRFC 10-311] analyzing module RAM64X1S_HD3923
INFO: [VRFC 10-311] analyzing module RAM64X1S_HD3924
INFO: [VRFC 10-311] analyzing module RAM64X1S_HD3925
INFO: [VRFC 10-311] analyzing module RAM64X1S_HD3926
INFO: [VRFC 10-311] analyzing module RAM64X1S_HD3927
INFO: [VRFC 10-311] analyzing module RAM64X1S_HD3928
INFO: [VRFC 10-311] analyzing module RAM64X1S_HD3929
INFO: [VRFC 10-311] analyzing module RAM64X1S_HD3930
INFO: [VRFC 10-311] analyzing module RAM64X1S_HD3931
INFO: [VRFC 10-311] analyzing module RAM64X1S_HD3932
INFO: [VRFC 10-311] analyzing module RAM64X1S_HD3933
INFO: [VRFC 10-311] analyzing module RAM64X1S_HD3934
INFO: [VRFC 10-311] analyzing module RAM64X1S_HD3935
INFO: [VRFC 10-311] analyzing module RAM64X1S_HD3936
INFO: [VRFC 10-311] analyzing module RAM64X1S_HD3937
INFO: [VRFC 10-311] analyzing module RAM64X1S_HD3938
INFO: [VRFC 10-311] analyzing module RAM64X1S_HD3939
INFO: [VRFC 10-311] analyzing module RAM64X1S_HD3940
INFO: [VRFC 10-311] analyzing module RAM64X1S_HD3941
INFO: [VRFC 10-311] analyzing module RAM64X1S_HD3942
INFO: [VRFC 10-311] analyzing module RAM64X1S_HD3943
INFO: [VRFC 10-311] analyzing module RAM64X1S_HD3944
INFO: [VRFC 10-311] analyzing module RAM64X1S_HD3945
INFO: [VRFC 10-311] analyzing module RAM64X1S_HD3946
INFO: [VRFC 10-311] analyzing module RAM64X1S_HD3947
INFO: [VRFC 10-311] analyzing module RAM64X1S_HD3948
INFO: [VRFC 10-311] analyzing module RAM64X1S_HD3949
INFO: [VRFC 10-311] analyzing module RAM64X1S_HD3950
INFO: [VRFC 10-311] analyzing module RAM64X1S_HD3951
INFO: [VRFC 10-311] analyzing module RAM64X1S_HD3952
INFO: [VRFC 10-311] analyzing module RAM64X1S_HD3953
INFO: [VRFC 10-311] analyzing module RAM64X1S_HD3954
INFO: [VRFC 10-311] analyzing module RAM64X1S_HD3955
INFO: [VRFC 10-311] analyzing module RAM64X1S_HD3956
INFO: [VRFC 10-311] analyzing module RAM64X1S_HD3957
INFO: [VRFC 10-311] analyzing module RAM64X1S_HD3958
INFO: [VRFC 10-311] analyzing module RAM64X1S_HD3959
INFO: [VRFC 10-311] analyzing module RAM64X1S_HD3960
INFO: [VRFC 10-311] analyzing module RAM64X1S_HD3961
INFO: [VRFC 10-311] analyzing module RAM64X1S_HD3962
INFO: [VRFC 10-311] analyzing module RAM64X1S_HD3963
INFO: [VRFC 10-311] analyzing module RAM64X1S_HD3964
INFO: [VRFC 10-311] analyzing module RAM64X1S_HD3965
INFO: [VRFC 10-311] analyzing module RAM64X1S_HD3966
INFO: [VRFC 10-311] analyzing module RAM64X1S_HD3967
INFO: [VRFC 10-311] analyzing module RAM64X1S_HD3968
INFO: [VRFC 10-311] analyzing module RAM64X1S_HD3969
INFO: [VRFC 10-311] analyzing module RAM64X1S_HD3970
INFO: [VRFC 10-311] analyzing module RAM64X1S_HD3971
INFO: [VRFC 10-311] analyzing module RAM64X1S_HD3972
INFO: [VRFC 10-311] analyzing module RAM64X1S_HD3973
INFO: [VRFC 10-311] analyzing module RAM64X1S_HD3974
INFO: [VRFC 10-311] analyzing module RAM64X1S_HD3975
INFO: [VRFC 10-311] analyzing module RAM64X1S_HD3976
INFO: [VRFC 10-311] analyzing module RAM64X1S_HD3977
INFO: [VRFC 10-311] analyzing module RAM64X1S_HD3978
INFO: [VRFC 10-311] analyzing module RAM64X1S_HD3979
INFO: [VRFC 10-311] analyzing module RAM64X1S_HD3980
INFO: [VRFC 10-311] analyzing module RAM64X1S_HD3981
INFO: [VRFC 10-311] analyzing module RAM64X1S_HD3982
INFO: [VRFC 10-311] analyzing module RAM64X1S_HD3983
INFO: [VRFC 10-311] analyzing module RAM64X1S_HD3984
INFO: [VRFC 10-311] analyzing module RAM64X1S_HD3985
INFO: [VRFC 10-311] analyzing module RAM64X1S_HD3986
INFO: [VRFC 10-311] analyzing module RAM64X1S_HD3987
INFO: [VRFC 10-311] analyzing module RAM64X1S_HD3988
INFO: [VRFC 10-311] analyzing module RAM64X1S_HD3989
INFO: [VRFC 10-311] analyzing module RAM64X1S_HD3990
INFO: [VRFC 10-311] analyzing module RAM64X1S_HD3991
INFO: [VRFC 10-311] analyzing module RAM64X1S_HD3992
INFO: [VRFC 10-311] analyzing module RAM64X1S_HD3993
INFO: [VRFC 10-311] analyzing module RAM64X1S_HD3994
INFO: [VRFC 10-311] analyzing module RAM64X1S_HD3995
INFO: [VRFC 10-311] analyzing module RAM64X1S_HD3996
INFO: [VRFC 10-311] analyzing module RAM64X1S_HD3997
INFO: [VRFC 10-311] analyzing module RAM64X1S_HD3998
INFO: [VRFC 10-311] analyzing module RAM64X1S_HD3999
INFO: [VRFC 10-311] analyzing module RAM64X1S_HD4000
INFO: [VRFC 10-311] analyzing module RAM64X1S_HD4001
INFO: [VRFC 10-311] analyzing module RAM64X1S_HD4002
INFO: [VRFC 10-311] analyzing module RAM64X1S_HD4003
INFO: [VRFC 10-311] analyzing module RAM64X1S_HD4004
INFO: [VRFC 10-311] analyzing module RAM64X1S_HD4005
INFO: [VRFC 10-311] analyzing module RAM64X1S_HD4006
INFO: [VRFC 10-311] analyzing module RAM64X1S_HD4007
INFO: [VRFC 10-311] analyzing module RAM64X1S_HD4008
INFO: [VRFC 10-311] analyzing module RAM64X1S_HD4009
INFO: [VRFC 10-311] analyzing module RAM64X1S_HD4010
INFO: [VRFC 10-311] analyzing module RAM64X1S_HD4011
INFO: [VRFC 10-311] analyzing module RAM64X1S_HD4012
INFO: [VRFC 10-311] analyzing module RAM64X1S_HD4013
INFO: [VRFC 10-311] analyzing module RAM64X1S_HD4014
INFO: [VRFC 10-311] analyzing module RAM64X1S_HD4015
INFO: [VRFC 10-311] analyzing module RAM64X1S_HD4016
INFO: [VRFC 10-311] analyzing module RAM64X1S_HD4017
INFO: [VRFC 10-311] analyzing module RAM64X1S_HD4018
INFO: [VRFC 10-311] analyzing module RAM64X1S_HD4019
INFO: [VRFC 10-311] analyzing module RAM64X1S_HD4020
INFO: [VRFC 10-311] analyzing module RAM64X1S_HD4021
INFO: [VRFC 10-311] analyzing module RAM64X1S_HD4022
INFO: [VRFC 10-311] analyzing module RAM64X1S_HD4023
INFO: [VRFC 10-311] analyzing module RAM64X1S_HD4024
INFO: [VRFC 10-311] analyzing module RAM64X1S_HD4025
INFO: [VRFC 10-311] analyzing module RAM64X1S_HD4026
INFO: [VRFC 10-311] analyzing module RAM64X1S_HD4027
INFO: [VRFC 10-311] analyzing module RAM64X1S_HD4028
INFO: [VRFC 10-311] analyzing module RAM64X1S_HD4029
INFO: [VRFC 10-311] analyzing module RAM64X1S_HD4030
INFO: [VRFC 10-311] analyzing module RAM64X1S_HD4031
INFO: [VRFC 10-311] analyzing module RAM64X1S_HD4032
INFO: [VRFC 10-311] analyzing module RAM64X1S_HD4033
INFO: [VRFC 10-311] analyzing module RAM64X1S_HD4034
INFO: [VRFC 10-311] analyzing module RAM64X1S_HD4035
INFO: [VRFC 10-311] analyzing module RAM64X1S_HD4036
INFO: [VRFC 10-311] analyzing module RAM64X1S_HD4037
INFO: [VRFC 10-311] analyzing module RAM64X1S_HD4038
INFO: [VRFC 10-311] analyzing module RAM64X1S_HD4039
INFO: [VRFC 10-311] analyzing module RAM64X1S_HD4040
INFO: [VRFC 10-311] analyzing module RAM64X1S_HD4041
INFO: [VRFC 10-311] analyzing module RAM64X1S_HD4042
INFO: [VRFC 10-311] analyzing module RAM64X1S_HD4043
INFO: [VRFC 10-311] analyzing module RAM64X1S_HD4044
INFO: [VRFC 10-311] analyzing module RAM64X1S_HD4045
INFO: [VRFC 10-311] analyzing module RAM64X1S_HD4046
INFO: [VRFC 10-311] analyzing module RAM64X1S_HD4047
INFO: [VRFC 10-311] analyzing module RAM64X1S_HD4048
INFO: [VRFC 10-311] analyzing module RAM64X1S_HD4049
INFO: [VRFC 10-311] analyzing module RAM64X1S_HD4050
INFO: [VRFC 10-311] analyzing module RAM64X1S_HD4051
INFO: [VRFC 10-311] analyzing module RAM64X1S_HD4052
INFO: [VRFC 10-311] analyzing module RAM64X1S_HD4053
INFO: [VRFC 10-311] analyzing module RAM64X1S_HD4054
INFO: [VRFC 10-311] analyzing module RAM64X1S_HD4055
INFO: [VRFC 10-311] analyzing module RAM64X1S_HD4056
INFO: [VRFC 10-311] analyzing module RAM64X1S_HD4057
INFO: [VRFC 10-311] analyzing module RAM64X1S_HD4058
INFO: [VRFC 10-311] analyzing module RAM64X1S_HD4059
INFO: [VRFC 10-311] analyzing module RAM64X1S_HD4060
INFO: [VRFC 10-311] analyzing module RAM64X1S_HD4061
INFO: [VRFC 10-311] analyzing module RAM64X1S_HD4062
INFO: [VRFC 10-311] analyzing module RAM64X1S_HD4063
INFO: [VRFC 10-311] analyzing module RAM64X1S_HD4064
INFO: [VRFC 10-311] analyzing module RAM64X1S_HD4065
INFO: [VRFC 10-311] analyzing module RAM64X1S_HD4066
INFO: [VRFC 10-311] analyzing module RAM64X1S_HD4067
INFO: [VRFC 10-311] analyzing module RAM64X1S_HD4068
INFO: [VRFC 10-311] analyzing module RAM64X1S_HD4069
INFO: [VRFC 10-311] analyzing module RAM64X1S_HD4070
INFO: [VRFC 10-311] analyzing module RAM64X1S_HD4071
INFO: [VRFC 10-311] analyzing module RAM64X1S_HD4072
INFO: [VRFC 10-311] analyzing module RAM64X1S_HD4073
INFO: [VRFC 10-311] analyzing module RAM64X1S_HD4074
INFO: [VRFC 10-311] analyzing module RAM64X1S_HD4075
INFO: [VRFC 10-311] analyzing module RAM64X1S_HD4076
INFO: [VRFC 10-311] analyzing module RAM64X1S_HD4077
INFO: [VRFC 10-311] analyzing module RAM64X1S_HD4078
INFO: [VRFC 10-311] analyzing module RAM64X1S_HD4079
INFO: [VRFC 10-311] analyzing module RAM64X1S_HD4080
INFO: [VRFC 10-311] analyzing module RAM64X1S_HD4081
INFO: [VRFC 10-311] analyzing module RAM64X1S_HD4082
INFO: [VRFC 10-311] analyzing module RAM64X1S_HD4083
INFO: [VRFC 10-311] analyzing module RAM64X1S_HD4084
INFO: [VRFC 10-311] analyzing module RAM64X1S_HD4085
INFO: [VRFC 10-311] analyzing module RAM64X1S_HD4086
INFO: [VRFC 10-311] analyzing module RAM64X1S_HD4087
INFO: [VRFC 10-311] analyzing module RAM64X1S_HD4088
INFO: [VRFC 10-311] analyzing module RAM64X1S_HD4089
INFO: [VRFC 10-311] analyzing module RAM64X1S_HD4090
INFO: [VRFC 10-311] analyzing module RAM64X1S_HD4091
INFO: [VRFC 10-311] analyzing module RAM64X1S_HD4092
INFO: [VRFC 10-311] analyzing module RAM64X1S_HD4093
INFO: [VRFC 10-311] analyzing module RAM64X1S_HD4094
INFO: [VRFC 10-311] analyzing module RAM64X1S_HD4095
INFO: [VRFC 10-311] analyzing module RAM64X1S_HD4096
INFO: [VRFC 10-311] analyzing module RAM64X1S_HD4097
INFO: [VRFC 10-311] analyzing module RAM64X1S_HD4098
INFO: [VRFC 10-311] analyzing module RAM64X1S_HD4099
INFO: [VRFC 10-311] analyzing module RAM64X1S_HD4100
INFO: [VRFC 10-311] analyzing module RAM64X1S_HD4101
INFO: [VRFC 10-311] analyzing module RAM64X1S_HD4102
INFO: [VRFC 10-311] analyzing module RAM64X1S_HD4103
INFO: [VRFC 10-311] analyzing module RAM64X1S_HD4104
INFO: [VRFC 10-311] analyzing module RAM64X1S_HD4105
INFO: [VRFC 10-311] analyzing module RAM64X1S_HD4106
INFO: [VRFC 10-311] analyzing module RAM64X1S_HD4107
INFO: [VRFC 10-311] analyzing module RAM64X1S_HD4108
INFO: [VRFC 10-311] analyzing module RAM64X1S_HD4109
INFO: [VRFC 10-311] analyzing module RAM64X1S_HD4110
INFO: [VRFC 10-311] analyzing module RAM64X1S_HD4111
INFO: [VRFC 10-311] analyzing module RAM64X1S_HD4112
INFO: [VRFC 10-311] analyzing module RAM64X1S_HD4113
INFO: [VRFC 10-311] analyzing module RAM64X1S_HD4114
INFO: [VRFC 10-311] analyzing module RAM64X1S_HD4115
INFO: [VRFC 10-311] analyzing module RAM64X1S_HD4116
INFO: [VRFC 10-311] analyzing module RAM64X1S_HD4117
INFO: [VRFC 10-311] analyzing module RAM64X1S_HD4118
INFO: [VRFC 10-311] analyzing module RAM64X1S_HD4119
INFO: [VRFC 10-311] analyzing module RAM64X1S_HD4120
INFO: [VRFC 10-311] analyzing module RAM64X1S_HD4121
INFO: [VRFC 10-311] analyzing module RAM64X1S_HD4122
INFO: [VRFC 10-311] analyzing module RAM64X1S_HD4123
INFO: [VRFC 10-311] analyzing module RAM64X1S_HD4124
INFO: [VRFC 10-311] analyzing module RAM64X1S_HD4125
INFO: [VRFC 10-311] analyzing module RAM64X1S_HD4126
INFO: [VRFC 10-311] analyzing module RAM64X1S_HD4127
INFO: [VRFC 10-311] analyzing module RAM64X1S_HD4128
INFO: [VRFC 10-311] analyzing module RAM64X1S_HD4129
INFO: [VRFC 10-311] analyzing module RAM64X1S_HD4130
INFO: [VRFC 10-311] analyzing module RAM64X1S_HD4131
INFO: [VRFC 10-311] analyzing module RAM64X1S_HD4132
INFO: [VRFC 10-311] analyzing module RAM64X1S_HD4133
INFO: [VRFC 10-311] analyzing module RAM64X1S_HD4134
INFO: [VRFC 10-311] analyzing module RAM64X1S_HD4135
INFO: [VRFC 10-311] analyzing module RAM64X1S_HD4136
INFO: [VRFC 10-311] analyzing module RAM64X1S_HD4137
INFO: [VRFC 10-311] analyzing module RAM64X1S_HD4138
INFO: [VRFC 10-311] analyzing module RAM64X1S_HD4139
INFO: [VRFC 10-311] analyzing module RAM64X1S_HD4140
INFO: [VRFC 10-311] analyzing module RAM64X1S_HD4141
INFO: [VRFC 10-311] analyzing module RAM64X1S_HD4142
INFO: [VRFC 10-311] analyzing module RAM64X1S_HD4143
INFO: [VRFC 10-311] analyzing module RAM64X1S_HD4144
INFO: [VRFC 10-311] analyzing module RAM64X1S_HD4145
INFO: [VRFC 10-311] analyzing module RAM64X1S_HD4146
INFO: [VRFC 10-311] analyzing module RAM64X1S_HD4147
INFO: [VRFC 10-311] analyzing module RAM64X1S_HD4148
INFO: [VRFC 10-311] analyzing module RAM64X1S_HD4149
INFO: [VRFC 10-311] analyzing module RAM64X1S_HD4150
INFO: [VRFC 10-311] analyzing module RAM64X1S_HD4151
INFO: [VRFC 10-311] analyzing module RAM64X1S_HD4152
INFO: [VRFC 10-311] analyzing module cache_controller
INFO: [VRFC 10-311] analyzing module cache_top
INFO: [VRFC 10-311] analyzing module data_array
INFO: [VRFC 10-311] analyzing module data_mem_column
INFO: [VRFC 10-311] analyzing module data_mem_column_10
INFO: [VRFC 10-311] analyzing module data_mem_column_11
INFO: [VRFC 10-311] analyzing module data_mem_column_12
INFO: [VRFC 10-311] analyzing module data_mem_column_13
INFO: [VRFC 10-311] analyzing module data_mem_column_14
INFO: [VRFC 10-311] analyzing module data_mem_column_15
INFO: [VRFC 10-311] analyzing module data_mem_column_16
INFO: [VRFC 10-311] analyzing module data_mem_column_17
INFO: [VRFC 10-311] analyzing module data_mem_column_18
INFO: [VRFC 10-311] analyzing module data_mem_column_19
INFO: [VRFC 10-311] analyzing module data_mem_column_20
INFO: [VRFC 10-311] analyzing module data_mem_column_6
INFO: [VRFC 10-311] analyzing module data_mem_column_7
INFO: [VRFC 10-311] analyzing module data_mem_column_8
INFO: [VRFC 10-311] analyzing module data_mem_column_9
INFO: [VRFC 10-311] analyzing module data_mem_way
INFO: [VRFC 10-311] analyzing module data_mem_way_3
INFO: [VRFC 10-311] analyzing module data_mem_way_4
INFO: [VRFC 10-311] analyzing module data_mem_way_5
INFO: [VRFC 10-311] analyzing module dual_port_bram
INFO: [VRFC 10-311] analyzing module eviction_controller
INFO: [VRFC 10-311] analyzing module fourway_LRU
INFO: [VRFC 10-311] analyzing module refill_controller
INFO: [VRFC 10-311] analyzing module tag_array
INFO: [VRFC 10-311] analyzing module tag_mem
INFO: [VRFC 10-311] analyzing module tag_mem_0
INFO: [VRFC 10-311] analyzing module tag_mem_1
INFO: [VRFC 10-311] analyzing module tag_mem_2
INFO: [VRFC 10-311] analyzing module glbl
INFO: [VRFC 10-2263] Analyzing Verilog file "F:/cache_synthesizable/cache_synthesizable.srcs/sim_1/new/tb_tag_mem.v" into library xil_defaultlib
INFO: [VRFC 10-311] analyzing module tb_tag_mem
INFO: [VRFC 10-2263] Analyzing Verilog file "F:/cache_synthesizable/cache_synthesizable.srcs/sim_1/new/tb_tag_array.v" into library xil_defaultlib
INFO: [VRFC 10-311] analyzing module tb_tag_array
INFO: [VRFC 10-2263] Analyzing Verilog file "F:/cache_synthesizable/cache_synthesizable.srcs/sim_1/new/tb_LRU_modules.v" into library xil_defaultlib
INFO: [VRFC 10-311] analyzing module tb_LRU_modules
INFO: [VRFC 10-2263] Analyzing Verilog file "F:/cache_synthesizable/cache_synthesizable.srcs/sim_1/new/tb_data_mem.v" into library xil_defaultlib
INFO: [VRFC 10-311] analyzing module tb_data_mem
INFO: [VRFC 10-2263] Analyzing Verilog file "F:/cache_synthesizable/cache_synthesizable.srcs/sim_1/new/tb_interface.v" into library xil_defaultlib
INFO: [VRFC 10-311] analyzing module tb_interface
INFO: [VRFC 10-2263] Analyzing Verilog file "F:/cache_synthesizable/cache_synthesizable.srcs/sim_1/new/tb_top.v" into library xil_defaultlib
INFO: [VRFC 10-311] analyzing module tb_top
INFO: [VRFC 10-2263] Analyzing Verilog file "F:/cache_synthesizable/cache_synthesizable.srcs/sim_1/new/tb_data_refill_bram.v" into library xil_defaultlib
INFO: [VRFC 10-311] analyzing module tb_data_refill_bram
